<?xml version="1.0" encoding="UTF-8"?>
<testsuites name="BoldKey Login Page" time="103" tests="0" failures="8" errors="0">
   <testsuite name="BoldKey Login Page" tests="0" failures="8" errors="0" time="103" timestamp="2018-05-22 11:05:44" hostname="olivia.chong - Olivia0517.mk.macrokiosk.com" id="Test Suites/BoldKey Login Page">
      <properties>
         <property name="deviceName" value=""/>
         <property name="devicePlatform" value=""/>
         <property name="logFolder" value="C:\\Users\\olivia.chong\\Katalon Studio\\BoldKey\\Reports\\BoldKey Login Page\\20180522_110542"/>
         <property name="logFiles" value="C:\\Users\\olivia.chong\\Katalon Studio\\BoldKey\\Reports\\BoldKey Login Page\\20180522_110542\\execution0.log"/>
         <property name="attachments" value="C:\\Users\\olivia.chong\\Katalon Studio\\BoldKey\\Reports\\BoldKey Login Page\\20180522_110542\\1526958386292.png, C:\\Users\\olivia.chong\\Katalon Studio\\BoldKey\\Reports\\BoldKey Login Page\\20180522_110542\\1526958387292.png, C:\\Users\\olivia.chong\\Katalon Studio\\BoldKey\\Reports\\BoldKey Login Page\\20180522_110542\\1526958447094.png"/>
         <property name="hostName" value="olivia.chong - Olivia0517.mk.macrokiosk.com"/>
         <property name="os" value="Windows 10 64bit"/>
         <property name="katalonVersion" value="5.4.1.1"/>
         <property name="browser" value="Chrome 66.0.3359.139"/>
         <property name="hostAddress" value="192.168.2.72"/>
         <property name="sessionId" value="d93ceae91f03df4ea2335d0aba95b960"/>
         <property name="seleniumVersion" value="3.7.1"/>
         <property name="proxyInformation" value="ProxyInformation{proxyOption=NO_PROXY, proxyServerType=HTTP, password=, proxyServerAddress=, proxyServerPort=0}"/>
         <property name="platform" value="Windows 10"/>
      </properties>
      <testcase name="Test Cases/Bold Key Login Page/Negative Case/Login Fail - Button 1" classname="Test Cases/Bold Key Login Page/Negative Case/Login Fail - Button 1" status="FAILED">
         <failure type="FAILED" message="Unable to verify match between actual text '' and expected text 'Invalid username and password.' using regular expression (Root cause: Actual text '' and expected text 'Invalid username and password.' are not matched using regular expression)"/>
         <system-out><![CDATA[2018-05-22 11:05:45 - [TEST_CASE][FAILED] - Test Cases/Bold Key Login Page/Negative Case/Login Fail - Button 1: Test Cases/Bold Key Login Page/Negative Case/Login Fail - Button 1 FAILED because (of) Unable to verify match between actual text '' and expected text 'Invalid username and password.' using regular expression (Root cause: Actual text '' and expected text 'Invalid username and password.' are not matched using regular expression)

2018-05-22 11:05:46 - [TEST_STEP][PASSED] - Statement - If (openBrowser == false): Call Test Case 'Test Cases/Bold Key Login Page/Open Browser' successfully

2018-05-22 11:05:46 - [TEST_STEP][PASSED] - callTestCase: Call Test Case 'Test Cases/Bold Key Login Page/Open Browser' successfully

2018-05-22 11:05:46 - [TEST_CASE][PASSED] - Test Cases/Bold Key Login Page/Open Browser: Test Cases/Bold Key Login Page/Open Browser

2018-05-22 11:05:46 - [TEST_STEP][PASSED] - openBrowser: Browser is opened with url: ''

2018-05-22 11:05:53 - [MESSAGE][PASSED] - Browser is opened with url: ''

2018-05-22 11:05:53 - [TEST_STEP][PASSED] - navigateToUrl: Navigate to 'http://sit.boldkey.cc/Web/login' successfully

2018-05-22 11:06:24 - [MESSAGE][PASSED] - Navigate to 'http://sit.boldkey.cc/Web/login' successfully

2018-05-22 11:06:24 - [TEST_STEP][PASSED] - Statement - openBrowser = true: null

2018-05-22 11:06:24 - [MESSAGE][PASSED] - Call Test Case 'Test Cases/Bold Key Login Page/Open Browser' successfully

2018-05-22 11:06:24 - [TEST_STEP][PASSED] - setText: Text 'cwpreee' is set on object 'Object Repository/BoldKey Login/Page_BOLD.Key - Login - BUTTON/input_txtusername'

2018-05-22 11:06:24 - [MESSAGE][PASSED] - Text 'cwpreee' is set on object 'Object Repository/BoldKey Login/Page_BOLD.Key - Login - BUTTON/input_txtusername'

2018-05-22 11:06:24 - [TEST_STEP][PASSED] - setText: Text 'P@55word' is set on object 'Object Repository/BoldKey Login/Page_BOLD.Key - Login - BUTTON/input_txtpassword'

2018-05-22 11:06:25 - [MESSAGE][PASSED] - Text 'P@55word' is set on object 'Object Repository/BoldKey Login/Page_BOLD.Key - Login - BUTTON/input_txtpassword'

2018-05-22 11:06:25 - [TEST_STEP][PASSED] - Statement - verifyUsername = com.kms.katalon.core.webui.keyword.WebUiBuiltInKeywords.getText(com.kms.katalon.core.testobject.ObjectRepository.findTestObject(Object Repository/BoldKey Login/Page_BOLD.Key - Login - BUTTON/input_txtusername)): Text of object 'Object Repository/BoldKey Login/Page_BOLD.Key - Login - BUTTON/input_txtusername' is: ''

2018-05-22 11:06:25 - [MESSAGE][PASSED] - Text of object 'Object Repository/BoldKey Login/Page_BOLD.Key - Login - BUTTON/input_txtusername' is: ''

2018-05-22 11:06:25 - [TEST_STEP][PASSED] - Statement - verifyPassword = com.kms.katalon.core.webui.keyword.WebUiBuiltInKeywords.getText(com.kms.katalon.core.testobject.ObjectRepository.findTestObject(Object Repository/BoldKey Login/Page_BOLD.Key - Login - BUTTON/input_txtpassword)): Text of object 'Object Repository/BoldKey Login/Page_BOLD.Key - Login - BUTTON/input_txtpassword' is: ''

2018-05-22 11:06:25 - [MESSAGE][PASSED] - Text of object 'Object Repository/BoldKey Login/Page_BOLD.Key - Login - BUTTON/input_txtpassword' is: ''

2018-05-22 11:06:25 - [TEST_STEP][PASSED] - click: Object: 'Object Repository/BoldKey Login/Page_BOLD.Key - Login - BUTTON/button_LOGIN' is clicked on

2018-05-22 11:06:25 - [MESSAGE][PASSED] - Object: 'Object Repository/BoldKey Login/Page_BOLD.Key - Login - BUTTON/button_LOGIN' is clicked on

2018-05-22 11:06:25 - [TEST_STEP][PASSED] - Statement - switch (data_expectedresult.toString()): Unable to verify match between actual text '' and expected text 'Invalid username and password.' using regular expression (Root cause: Actual text '' and expected text 'Invalid username and password.' are not matched using regular expression)

2018-05-22 11:06:25 - [TEST_STEP][PASSED] - Statement - Default: Unable to verify match between actual text '' and expected text 'Invalid username and password.' using regular expression (Root cause: Actual text '' and expected text 'Invalid username and password.' are not matched using regular expression)

2018-05-22 11:06:25 - [TEST_STEP][PASSED] - Statement - If (verifyUsername.trim() != "" || verifyPassword != ""): null

2018-05-22 11:06:25 - [TEST_STEP][PASSED] - Statement - Else: Unable to verify match between actual text '' and expected text 'Invalid username and password.' using regular expression (Root cause: Actual text '' and expected text 'Invalid username and password.' are not matched using regular expression)

2018-05-22 11:06:25 - [TEST_STEP][PASSED] - Statement - If (com.kms.katalon.core.webui.keyword.WebUiBuiltInKeywords.waitForElementPresent(com.kms.katalon.core.testobject.ObjectRepository.findTestObject(Object Repository/BoldKey Login/Page_BOLD.Key - Login - BUTTON/Page_BOLD.Key - Login (2)/Page_BOLD.Key - Login/invalid_message), 5)): Unable to verify match between actual text '' and expected text 'Invalid username and password.' using regular expression (Root cause: Actual text '' and expected text 'Invalid username and password.' are not matched using regular expression)

2018-05-22 11:06:25 - [MESSAGE][PASSED] - Object 'Object Repository/BoldKey Login/Page_BOLD.Key - Login - BUTTON/Page_BOLD.Key - Login (2)/Page_BOLD.Key - Login/invalid_message' is present

2018-05-22 11:06:25 - [TEST_STEP][PASSED] - Statement - verifyErrorMsg = com.kms.katalon.core.webui.keyword.WebUiBuiltInKeywords.getText(com.kms.katalon.core.testobject.ObjectRepository.findTestObject(Object Repository/BoldKey Login/Page_BOLD.Key - Login - BUTTON/Page_BOLD.Key - Login (2)/Page_BOLD.Key - Login/invalid_message)): Text of object 'Object Repository/BoldKey Login/Page_BOLD.Key - Login - BUTTON/Page_BOLD.Key - Login (2)/Page_BOLD.Key - Login/invalid_message' is: ''

2018-05-22 11:06:25 - [MESSAGE][PASSED] - Text of object 'Object Repository/BoldKey Login/Page_BOLD.Key - Login - BUTTON/Page_BOLD.Key - Login (2)/Page_BOLD.Key - Login/invalid_message' is: ''

2018-05-22 11:06:25 - [TEST_STEP][FAILED] - verifyMatch: Unable to verify match between actual text '' and expected text 'Invalid username and password.' using regular expression (Root cause: Actual text '' and expected text 'Invalid username and password.' are not matched using regular expression)

2018-05-22 11:06:25 - [MESSAGE][FAILED] - Unable to verify match between actual text '' and expected text 'Invalid username and password.' using regular expression (Root cause: Actual text '' and expected text 'Invalid username and password.' are not matched using regular expression)]]></system-out>
         <system-err><![CDATA[2018-05-22 11:05:45 - [TEST_CASE][FAILED] - Test Cases/Bold Key Login Page/Negative Case/Login Fail - Button 1: Test Cases/Bold Key Login Page/Negative Case/Login Fail - Button 1 FAILED because (of) Unable to verify match between actual text '' and expected text 'Invalid username and password.' using regular expression (Root cause: Actual text '' and expected text 'Invalid username and password.' are not matched using regular expression)]]></system-err>
      </testcase>
      <testcase name="Test Cases/Bold Key Login Page/Negative Case/Login Fail - Button 1" classname="Test Cases/Bold Key Login Page/Negative Case/Login Fail - Button 1" status="FAILED">
         <failure type="FAILED" message="Unable to click on object 'Object Repository/BoldKey Login/Page_BOLD.Key - Login - BUTTON/button_LOGIN' (Root cause: org.openqa.selenium.WebDriverException: unknown error: Element &lt;button type=&quot;submit&quot; width=&quot;130px&quot; height=&quot;38px&quot; class=&quot;btn btn-darkblue-1 btn-block&quot;>...&lt;/button> is not clickable at point (832, 252). Other element would receive the click: &lt;div class=&quot;spinner&quot; role=&quot;progressbar&quot; style=&quot;position: absolute; width: 0px; z-index: 2000000000; left: 50%; top: 50%;&quot;>...&lt;/div>
  (Session info: chrome=66.0.3359.139)
  (Driver info: chromedriver=2.35.528161 (5b82f2d2aae0ca24b877009200ced9065a772e73),platform=Windows NT 10.0.15063 x86_64) (WARNING: The server did not provide any stacktrace information)
Command duration or timeout: 0 milliseconds
Build info: version: '3.7.1', revision: '8a0099a', time: '2017-11-06T21:07:36.161Z'
System info: host: 'OLIVIA0517', ip: '192.168.2.72', os.name: 'Windows 10', os.arch: 'amd64', os.version: '10.0', java.version: '1.8.0_102'
Driver info: com.kms.katalon.selenium.driver.CChromeDriver
Capabilities {acceptInsecureCerts: false, acceptSslCerts: false, applicationCacheEnabled: false, browserConnectionEnabled: false, browserName: chrome, chrome: {chromedriverVersion: 2.35.528161 (5b82f2d2aae0ca..., userDataDir: C:\Users\OLIVIA~1.CHO\AppDa...}, cssSelectorsEnabled: true, databaseEnabled: false, handlesAlerts: true, hasTouchScreen: false, javascriptEnabled: true, locationContextEnabled: true, mobileEmulationEnabled: false, nativeEvents: true, networkConnectionEnabled: false, pageLoadStrategy: normal, platform: XP, platformName: XP, rotatable: false, setWindowRect: true, takesHeapSnapshot: true, takesScreenshot: true, unexpectedAlertBehaviour: , unhandledPromptBehavior: , version: 66.0.3359.139, webStorageEnabled: true}
Session ID: d5035bed8caf77a1aeb246606195ab99)"/>
         <system-out><![CDATA[2018-05-22 11:06:25 - [TEST_CASE][FAILED] - Test Cases/Bold Key Login Page/Negative Case/Login Fail - Button 1: Test Cases/Bold Key Login Page/Negative Case/Login Fail - Button 1 FAILED because (of) Unable to click on object 'Object Repository/BoldKey Login/Page_BOLD.Key - Login - BUTTON/button_LOGIN' (Root cause: org.openqa.selenium.WebDriverException: unknown error: Element <button type="submit" width="130px" height="38px" class="btn btn-darkblue-1 btn-block">...</button> is not clickable at point (832, 252). Other element would receive the click: <div class="spinner" role="progressbar" style="position: absolute; width: 0px; z-index: 2000000000; left: 50%; top: 50%;">...</div>
  (Session info: chrome=66.0.3359.139)
  (Driver info: chromedriver=2.35.528161 (5b82f2d2aae0ca24b877009200ced9065a772e73),platform=Windows NT 10.0.15063 x86_64) (WARNING: The server did not provide any stacktrace information)
Command duration or timeout: 0 milliseconds
Build info: version: '3.7.1', revision: '8a0099a', time: '2017-11-06T21:07:36.161Z'
System info: host: 'OLIVIA0517', ip: '192.168.2.72', os.name: 'Windows 10', os.arch: 'amd64', os.version: '10.0', java.version: '1.8.0_102'
Driver info: com.kms.katalon.selenium.driver.CChromeDriver
Capabilities {acceptInsecureCerts: false, acceptSslCerts: false, applicationCacheEnabled: false, browserConnectionEnabled: false, browserName: chrome, chrome: {chromedriverVersion: 2.35.528161 (5b82f2d2aae0ca..., userDataDir: C:\Users\OLIVIA~1.CHO\AppDa...}, cssSelectorsEnabled: true, databaseEnabled: false, handlesAlerts: true, hasTouchScreen: false, javascriptEnabled: true, locationContextEnabled: true, mobileEmulationEnabled: false, nativeEvents: true, networkConnectionEnabled: false, pageLoadStrategy: normal, platform: XP, platformName: XP, rotatable: false, setWindowRect: true, takesHeapSnapshot: true, takesScreenshot: true, unexpectedAlertBehaviour: , unhandledPromptBehavior: , version: 66.0.3359.139, webStorageEnabled: true}
Session ID: d5035bed8caf77a1aeb246606195ab99)

2018-05-22 11:06:25 - [TEST_STEP][PASSED] - Statement - If (openBrowser == false): null

2018-05-22 11:06:25 - [TEST_STEP][PASSED] - setText: Text 'cwpreflat' is set on object 'Object Repository/BoldKey Login/Page_BOLD.Key - Login - BUTTON/input_txtusername'

2018-05-22 11:06:25 - [MESSAGE][PASSED] - Text 'cwpreflat' is set on object 'Object Repository/BoldKey Login/Page_BOLD.Key - Login - BUTTON/input_txtusername'

2018-05-22 11:06:25 - [TEST_STEP][PASSED] - setText: Text 'P@55wor' is set on object 'Object Repository/BoldKey Login/Page_BOLD.Key - Login - BUTTON/input_txtpassword'

2018-05-22 11:06:26 - [MESSAGE][PASSED] - Text 'P@55wor' is set on object 'Object Repository/BoldKey Login/Page_BOLD.Key - Login - BUTTON/input_txtpassword'

2018-05-22 11:06:26 - [TEST_STEP][PASSED] - Statement - verifyUsername = com.kms.katalon.core.webui.keyword.WebUiBuiltInKeywords.getText(com.kms.katalon.core.testobject.ObjectRepository.findTestObject(Object Repository/BoldKey Login/Page_BOLD.Key - Login - BUTTON/input_txtusername)): Text of object 'Object Repository/BoldKey Login/Page_BOLD.Key - Login - BUTTON/input_txtusername' is: ''

2018-05-22 11:06:26 - [MESSAGE][PASSED] - Text of object 'Object Repository/BoldKey Login/Page_BOLD.Key - Login - BUTTON/input_txtusername' is: ''

2018-05-22 11:06:26 - [TEST_STEP][PASSED] - Statement - verifyPassword = com.kms.katalon.core.webui.keyword.WebUiBuiltInKeywords.getText(com.kms.katalon.core.testobject.ObjectRepository.findTestObject(Object Repository/BoldKey Login/Page_BOLD.Key - Login - BUTTON/input_txtpassword)): Text of object 'Object Repository/BoldKey Login/Page_BOLD.Key - Login - BUTTON/input_txtpassword' is: ''

2018-05-22 11:06:26 - [MESSAGE][PASSED] - Text of object 'Object Repository/BoldKey Login/Page_BOLD.Key - Login - BUTTON/input_txtpassword' is: ''

2018-05-22 11:06:26 - [TEST_STEP][FAILED] - click: Unable to click on object 'Object Repository/BoldKey Login/Page_BOLD.Key - Login - BUTTON/button_LOGIN' (Root cause: org.openqa.selenium.WebDriverException: unknown error: Element <button type="submit" width="130px" height="38px" class="btn btn-darkblue-1 btn-block">...</button> is not clickable at point (832, 252). Other element would receive the click: <div class="spinner" role="progressbar" style="position: absolute; width: 0px; z-index: 2000000000; left: 50%; top: 50%;">...</div>
  (Session info: chrome=66.0.3359.139)
  (Driver info: chromedriver=2.35.528161 (5b82f2d2aae0ca24b877009200ced9065a772e73),platform=Windows NT 10.0.15063 x86_64) (WARNING: The server did not provide any stacktrace information)
Command duration or timeout: 0 milliseconds
Build info: version: '3.7.1', revision: '8a0099a', time: '2017-11-06T21:07:36.161Z'
System info: host: 'OLIVIA0517', ip: '192.168.2.72', os.name: 'Windows 10', os.arch: 'amd64', os.version: '10.0', java.version: '1.8.0_102'
Driver info: com.kms.katalon.selenium.driver.CChromeDriver
Capabilities {acceptInsecureCerts: false, acceptSslCerts: false, applicationCacheEnabled: false, browserConnectionEnabled: false, browserName: chrome, chrome: {chromedriverVersion: 2.35.528161 (5b82f2d2aae0ca..., userDataDir: C:\Users\OLIVIA~1.CHO\AppDa...}, cssSelectorsEnabled: true, databaseEnabled: false, handlesAlerts: true, hasTouchScreen: false, javascriptEnabled: true, locationContextEnabled: true, mobileEmulationEnabled: false, nativeEvents: true, networkConnectionEnabled: false, pageLoadStrategy: normal, platform: XP, platformName: XP, rotatable: false, setWindowRect: true, takesHeapSnapshot: true, takesScreenshot: true, unexpectedAlertBehaviour: , unhandledPromptBehavior: , version: 66.0.3359.139, webStorageEnabled: true}
Session ID: d5035bed8caf77a1aeb246606195ab99)

2018-05-22 11:06:26 - [MESSAGE][FAILED] - Unable to click on object 'Object Repository/BoldKey Login/Page_BOLD.Key - Login - BUTTON/button_LOGIN' (Root cause: org.openqa.selenium.WebDriverException: unknown error: Element <button type="submit" width="130px" height="38px" class="btn btn-darkblue-1 btn-block">...</button> is not clickable at point (832, 252). Other element would receive the click: <div class="spinner" role="progressbar" style="position: absolute; width: 0px; z-index: 2000000000; left: 50%; top: 50%;">...</div>
  (Session info: chrome=66.0.3359.139)
  (Driver info: chromedriver=2.35.528161 (5b82f2d2aae0ca24b877009200ced9065a772e73),platform=Windows NT 10.0.15063 x86_64) (WARNING: The server did not provide any stacktrace information)
Command duration or timeout: 0 milliseconds
Build info: version: '3.7.1', revision: '8a0099a', time: '2017-11-06T21:07:36.161Z'
System info: host: 'OLIVIA0517', ip: '192.168.2.72', os.name: 'Windows 10', os.arch: 'amd64', os.version: '10.0', java.version: '1.8.0_102'
Driver info: com.kms.katalon.selenium.driver.CChromeDriver
Capabilities {acceptInsecureCerts: false, acceptSslCerts: false, applicationCacheEnabled: false, browserConnectionEnabled: false, browserName: chrome, chrome: {chromedriverVersion: 2.35.528161 (5b82f2d2aae0ca..., userDataDir: C:\Users\OLIVIA~1.CHO\AppDa...}, cssSelectorsEnabled: true, databaseEnabled: false, handlesAlerts: true, hasTouchScreen: false, javascriptEnabled: true, locationContextEnabled: true, mobileEmulationEnabled: false, nativeEvents: true, networkConnectionEnabled: false, pageLoadStrategy: normal, platform: XP, platformName: XP, rotatable: false, setWindowRect: true, takesHeapSnapshot: true, takesScreenshot: true, unexpectedAlertBehaviour: , unhandledPromptBehavior: , version: 66.0.3359.139, webStorageEnabled: true}
Session ID: d5035bed8caf77a1aeb246606195ab99)
[[ATTACHMENT|C:\\Users\\olivia.chong\\Katalon Studio\\BoldKey\\Reports\\BoldKey Login Page\\20180522_110542\\1526958386292.png]]]]></system-out>
         <system-err><![CDATA[2018-05-22 11:06:25 - [TEST_CASE][FAILED] - Test Cases/Bold Key Login Page/Negative Case/Login Fail - Button 1: Test Cases/Bold Key Login Page/Negative Case/Login Fail - Button 1 FAILED because (of) Unable to click on object 'Object Repository/BoldKey Login/Page_BOLD.Key - Login - BUTTON/button_LOGIN' (Root cause: org.openqa.selenium.WebDriverException: unknown error: Element <button type="submit" width="130px" height="38px" class="btn btn-darkblue-1 btn-block">...</button> is not clickable at point (832, 252). Other element would receive the click: <div class="spinner" role="progressbar" style="position: absolute; width: 0px; z-index: 2000000000; left: 50%; top: 50%;">...</div>
  (Session info: chrome=66.0.3359.139)
  (Driver info: chromedriver=2.35.528161 (5b82f2d2aae0ca24b877009200ced9065a772e73),platform=Windows NT 10.0.15063 x86_64) (WARNING: The server did not provide any stacktrace information)
Command duration or timeout: 0 milliseconds
Build info: version: '3.7.1', revision: '8a0099a', time: '2017-11-06T21:07:36.161Z'
System info: host: 'OLIVIA0517', ip: '192.168.2.72', os.name: 'Windows 10', os.arch: 'amd64', os.version: '10.0', java.version: '1.8.0_102'
Driver info: com.kms.katalon.selenium.driver.CChromeDriver
Capabilities {acceptInsecureCerts: false, acceptSslCerts: false, applicationCacheEnabled: false, browserConnectionEnabled: false, browserName: chrome, chrome: {chromedriverVersion: 2.35.528161 (5b82f2d2aae0ca..., userDataDir: C:\Users\OLIVIA~1.CHO\AppDa...}, cssSelectorsEnabled: true, databaseEnabled: false, handlesAlerts: true, hasTouchScreen: false, javascriptEnabled: true, locationContextEnabled: true, mobileEmulationEnabled: false, nativeEvents: true, networkConnectionEnabled: false, pageLoadStrategy: normal, platform: XP, platformName: XP, rotatable: false, setWindowRect: true, takesHeapSnapshot: true, takesScreenshot: true, unexpectedAlertBehaviour: , unhandledPromptBehavior: , version: 66.0.3359.139, webStorageEnabled: true}
Session ID: d5035bed8caf77a1aeb246606195ab99)]]></system-err>
      </testcase>
      <testcase name="Test Cases/Bold Key Login Page/Negative Case/Login Fail - Button 1" classname="Test Cases/Bold Key Login Page/Negative Case/Login Fail - Button 1" status="FAILED">
         <failure type="FAILED" message="Unable to click on object 'Object Repository/BoldKey Login/Page_BOLD.Key - Login - BUTTON/button_LOGIN' (Root cause: org.openqa.selenium.WebDriverException: unknown error: Element &lt;button type=&quot;submit&quot; width=&quot;130px&quot; height=&quot;38px&quot; class=&quot;btn btn-darkblue-1 btn-block&quot;>...&lt;/button> is not clickable at point (832, 252). Other element would receive the click: &lt;div class=&quot;spinner&quot; role=&quot;progressbar&quot; style=&quot;position: absolute; width: 0px; z-index: 2000000000; left: 50%; top: 50%;&quot;>...&lt;/div>
  (Session info: chrome=66.0.3359.139)
  (Driver info: chromedriver=2.35.528161 (5b82f2d2aae0ca24b877009200ced9065a772e73),platform=Windows NT 10.0.15063 x86_64) (WARNING: The server did not provide any stacktrace information)
Command duration or timeout: 0 milliseconds
Build info: version: '3.7.1', revision: '8a0099a', time: '2017-11-06T21:07:36.161Z'
System info: host: 'OLIVIA0517', ip: '192.168.2.72', os.name: 'Windows 10', os.arch: 'amd64', os.version: '10.0', java.version: '1.8.0_102'
Driver info: com.kms.katalon.selenium.driver.CChromeDriver
Capabilities {acceptInsecureCerts: false, acceptSslCerts: false, applicationCacheEnabled: false, browserConnectionEnabled: false, browserName: chrome, chrome: {chromedriverVersion: 2.35.528161 (5b82f2d2aae0ca..., userDataDir: C:\Users\OLIVIA~1.CHO\AppDa...}, cssSelectorsEnabled: true, databaseEnabled: false, handlesAlerts: true, hasTouchScreen: false, javascriptEnabled: true, locationContextEnabled: true, mobileEmulationEnabled: false, nativeEvents: true, networkConnectionEnabled: false, pageLoadStrategy: normal, platform: XP, platformName: XP, rotatable: false, setWindowRect: true, takesHeapSnapshot: true, takesScreenshot: true, unexpectedAlertBehaviour: , unhandledPromptBehavior: , version: 66.0.3359.139, webStorageEnabled: true}
Session ID: d5035bed8caf77a1aeb246606195ab99)"/>
         <system-out><![CDATA[2018-05-22 11:06:26 - [TEST_CASE][FAILED] - Test Cases/Bold Key Login Page/Negative Case/Login Fail - Button 1: Test Cases/Bold Key Login Page/Negative Case/Login Fail - Button 1 FAILED because (of) Unable to click on object 'Object Repository/BoldKey Login/Page_BOLD.Key - Login - BUTTON/button_LOGIN' (Root cause: org.openqa.selenium.WebDriverException: unknown error: Element <button type="submit" width="130px" height="38px" class="btn btn-darkblue-1 btn-block">...</button> is not clickable at point (832, 252). Other element would receive the click: <div class="spinner" role="progressbar" style="position: absolute; width: 0px; z-index: 2000000000; left: 50%; top: 50%;">...</div>
  (Session info: chrome=66.0.3359.139)
  (Driver info: chromedriver=2.35.528161 (5b82f2d2aae0ca24b877009200ced9065a772e73),platform=Windows NT 10.0.15063 x86_64) (WARNING: The server did not provide any stacktrace information)
Command duration or timeout: 0 milliseconds
Build info: version: '3.7.1', revision: '8a0099a', time: '2017-11-06T21:07:36.161Z'
System info: host: 'OLIVIA0517', ip: '192.168.2.72', os.name: 'Windows 10', os.arch: 'amd64', os.version: '10.0', java.version: '1.8.0_102'
Driver info: com.kms.katalon.selenium.driver.CChromeDriver
Capabilities {acceptInsecureCerts: false, acceptSslCerts: false, applicationCacheEnabled: false, browserConnectionEnabled: false, browserName: chrome, chrome: {chromedriverVersion: 2.35.528161 (5b82f2d2aae0ca..., userDataDir: C:\Users\OLIVIA~1.CHO\AppDa...}, cssSelectorsEnabled: true, databaseEnabled: false, handlesAlerts: true, hasTouchScreen: false, javascriptEnabled: true, locationContextEnabled: true, mobileEmulationEnabled: false, nativeEvents: true, networkConnectionEnabled: false, pageLoadStrategy: normal, platform: XP, platformName: XP, rotatable: false, setWindowRect: true, takesHeapSnapshot: true, takesScreenshot: true, unexpectedAlertBehaviour: , unhandledPromptBehavior: , version: 66.0.3359.139, webStorageEnabled: true}
Session ID: d5035bed8caf77a1aeb246606195ab99)

2018-05-22 11:06:26 - [TEST_STEP][PASSED] - Statement - If (openBrowser == false): null

2018-05-22 11:06:26 - [TEST_STEP][PASSED] - setText: Text 'cwpreee' is set on object 'Object Repository/BoldKey Login/Page_BOLD.Key - Login - BUTTON/input_txtusername'

2018-05-22 11:06:26 - [MESSAGE][PASSED] - Text 'cwpreee' is set on object 'Object Repository/BoldKey Login/Page_BOLD.Key - Login - BUTTON/input_txtusername'

2018-05-22 11:06:26 - [TEST_STEP][PASSED] - setText: Text 'P@55wor' is set on object 'Object Repository/BoldKey Login/Page_BOLD.Key - Login - BUTTON/input_txtpassword'

2018-05-22 11:06:27 - [MESSAGE][PASSED] - Text 'P@55wor' is set on object 'Object Repository/BoldKey Login/Page_BOLD.Key - Login - BUTTON/input_txtpassword'

2018-05-22 11:06:27 - [TEST_STEP][PASSED] - Statement - verifyUsername = com.kms.katalon.core.webui.keyword.WebUiBuiltInKeywords.getText(com.kms.katalon.core.testobject.ObjectRepository.findTestObject(Object Repository/BoldKey Login/Page_BOLD.Key - Login - BUTTON/input_txtusername)): Text of object 'Object Repository/BoldKey Login/Page_BOLD.Key - Login - BUTTON/input_txtusername' is: ''

2018-05-22 11:06:27 - [MESSAGE][PASSED] - Text of object 'Object Repository/BoldKey Login/Page_BOLD.Key - Login - BUTTON/input_txtusername' is: ''

2018-05-22 11:06:27 - [TEST_STEP][PASSED] - Statement - verifyPassword = com.kms.katalon.core.webui.keyword.WebUiBuiltInKeywords.getText(com.kms.katalon.core.testobject.ObjectRepository.findTestObject(Object Repository/BoldKey Login/Page_BOLD.Key - Login - BUTTON/input_txtpassword)): Text of object 'Object Repository/BoldKey Login/Page_BOLD.Key - Login - BUTTON/input_txtpassword' is: ''

2018-05-22 11:06:27 - [MESSAGE][PASSED] - Text of object 'Object Repository/BoldKey Login/Page_BOLD.Key - Login - BUTTON/input_txtpassword' is: ''

2018-05-22 11:06:27 - [TEST_STEP][FAILED] - click: Unable to click on object 'Object Repository/BoldKey Login/Page_BOLD.Key - Login - BUTTON/button_LOGIN' (Root cause: org.openqa.selenium.WebDriverException: unknown error: Element <button type="submit" width="130px" height="38px" class="btn btn-darkblue-1 btn-block">...</button> is not clickable at point (832, 252). Other element would receive the click: <div class="spinner" role="progressbar" style="position: absolute; width: 0px; z-index: 2000000000; left: 50%; top: 50%;">...</div>
  (Session info: chrome=66.0.3359.139)
  (Driver info: chromedriver=2.35.528161 (5b82f2d2aae0ca24b877009200ced9065a772e73),platform=Windows NT 10.0.15063 x86_64) (WARNING: The server did not provide any stacktrace information)
Command duration or timeout: 0 milliseconds
Build info: version: '3.7.1', revision: '8a0099a', time: '2017-11-06T21:07:36.161Z'
System info: host: 'OLIVIA0517', ip: '192.168.2.72', os.name: 'Windows 10', os.arch: 'amd64', os.version: '10.0', java.version: '1.8.0_102'
Driver info: com.kms.katalon.selenium.driver.CChromeDriver
Capabilities {acceptInsecureCerts: false, acceptSslCerts: false, applicationCacheEnabled: false, browserConnectionEnabled: false, browserName: chrome, chrome: {chromedriverVersion: 2.35.528161 (5b82f2d2aae0ca..., userDataDir: C:\Users\OLIVIA~1.CHO\AppDa...}, cssSelectorsEnabled: true, databaseEnabled: false, handlesAlerts: true, hasTouchScreen: false, javascriptEnabled: true, locationContextEnabled: true, mobileEmulationEnabled: false, nativeEvents: true, networkConnectionEnabled: false, pageLoadStrategy: normal, platform: XP, platformName: XP, rotatable: false, setWindowRect: true, takesHeapSnapshot: true, takesScreenshot: true, unexpectedAlertBehaviour: , unhandledPromptBehavior: , version: 66.0.3359.139, webStorageEnabled: true}
Session ID: d5035bed8caf77a1aeb246606195ab99)

2018-05-22 11:06:27 - [MESSAGE][FAILED] - Unable to click on object 'Object Repository/BoldKey Login/Page_BOLD.Key - Login - BUTTON/button_LOGIN' (Root cause: org.openqa.selenium.WebDriverException: unknown error: Element <button type="submit" width="130px" height="38px" class="btn btn-darkblue-1 btn-block">...</button> is not clickable at point (832, 252). Other element would receive the click: <div class="spinner" role="progressbar" style="position: absolute; width: 0px; z-index: 2000000000; left: 50%; top: 50%;">...</div>
  (Session info: chrome=66.0.3359.139)
  (Driver info: chromedriver=2.35.528161 (5b82f2d2aae0ca24b877009200ced9065a772e73),platform=Windows NT 10.0.15063 x86_64) (WARNING: The server did not provide any stacktrace information)
Command duration or timeout: 0 milliseconds
Build info: version: '3.7.1', revision: '8a0099a', time: '2017-11-06T21:07:36.161Z'
System info: host: 'OLIVIA0517', ip: '192.168.2.72', os.name: 'Windows 10', os.arch: 'amd64', os.version: '10.0', java.version: '1.8.0_102'
Driver info: com.kms.katalon.selenium.driver.CChromeDriver
Capabilities {acceptInsecureCerts: false, acceptSslCerts: false, applicationCacheEnabled: false, browserConnectionEnabled: false, browserName: chrome, chrome: {chromedriverVersion: 2.35.528161 (5b82f2d2aae0ca..., userDataDir: C:\Users\OLIVIA~1.CHO\AppDa...}, cssSelectorsEnabled: true, databaseEnabled: false, handlesAlerts: true, hasTouchScreen: false, javascriptEnabled: true, locationContextEnabled: true, mobileEmulationEnabled: false, nativeEvents: true, networkConnectionEnabled: false, pageLoadStrategy: normal, platform: XP, platformName: XP, rotatable: false, setWindowRect: true, takesHeapSnapshot: true, takesScreenshot: true, unexpectedAlertBehaviour: , unhandledPromptBehavior: , version: 66.0.3359.139, webStorageEnabled: true}
Session ID: d5035bed8caf77a1aeb246606195ab99)
[[ATTACHMENT|C:\\Users\\olivia.chong\\Katalon Studio\\BoldKey\\Reports\\BoldKey Login Page\\20180522_110542\\1526958387292.png]]]]></system-out>
         <system-err><![CDATA[2018-05-22 11:06:26 - [TEST_CASE][FAILED] - Test Cases/Bold Key Login Page/Negative Case/Login Fail - Button 1: Test Cases/Bold Key Login Page/Negative Case/Login Fail - Button 1 FAILED because (of) Unable to click on object 'Object Repository/BoldKey Login/Page_BOLD.Key - Login - BUTTON/button_LOGIN' (Root cause: org.openqa.selenium.WebDriverException: unknown error: Element <button type="submit" width="130px" height="38px" class="btn btn-darkblue-1 btn-block">...</button> is not clickable at point (832, 252). Other element would receive the click: <div class="spinner" role="progressbar" style="position: absolute; width: 0px; z-index: 2000000000; left: 50%; top: 50%;">...</div>
  (Session info: chrome=66.0.3359.139)
  (Driver info: chromedriver=2.35.528161 (5b82f2d2aae0ca24b877009200ced9065a772e73),platform=Windows NT 10.0.15063 x86_64) (WARNING: The server did not provide any stacktrace information)
Command duration or timeout: 0 milliseconds
Build info: version: '3.7.1', revision: '8a0099a', time: '2017-11-06T21:07:36.161Z'
System info: host: 'OLIVIA0517', ip: '192.168.2.72', os.name: 'Windows 10', os.arch: 'amd64', os.version: '10.0', java.version: '1.8.0_102'
Driver info: com.kms.katalon.selenium.driver.CChromeDriver
Capabilities {acceptInsecureCerts: false, acceptSslCerts: false, applicationCacheEnabled: false, browserConnectionEnabled: false, browserName: chrome, chrome: {chromedriverVersion: 2.35.528161 (5b82f2d2aae0ca..., userDataDir: C:\Users\OLIVIA~1.CHO\AppDa...}, cssSelectorsEnabled: true, databaseEnabled: false, handlesAlerts: true, hasTouchScreen: false, javascriptEnabled: true, locationContextEnabled: true, mobileEmulationEnabled: false, nativeEvents: true, networkConnectionEnabled: false, pageLoadStrategy: normal, platform: XP, platformName: XP, rotatable: false, setWindowRect: true, takesHeapSnapshot: true, takesScreenshot: true, unexpectedAlertBehaviour: , unhandledPromptBehavior: , version: 66.0.3359.139, webStorageEnabled: true}
Session ID: d5035bed8caf77a1aeb246606195ab99)]]></system-err>
      </testcase>
      <testcase name="Test Cases/Bold Key Login Page/Negative Case/Login Fail - Button 1" classname="Test Cases/Bold Key Login Page/Negative Case/Login Fail - Button 1" status="FAILED">
         <failure type="FAILED" message="Unable to verify match between actual text 'Invalid username and password.' and expected text 'The username field is required.' using regular expression (Root cause: Actual text 'Invalid username and password.' and expected text 'The username field is required.' are not matched using regular expression)"/>
         <system-out><![CDATA[2018-05-22 11:06:27 - [TEST_CASE][FAILED] - Test Cases/Bold Key Login Page/Negative Case/Login Fail - Button 1: Test Cases/Bold Key Login Page/Negative Case/Login Fail - Button 1 FAILED because (of) Unable to verify match between actual text 'Invalid username and password.' and expected text 'The username field is required.' using regular expression (Root cause: Actual text 'Invalid username and password.' and expected text 'The username field is required.' are not matched using regular expression)

2018-05-22 11:06:27 - [TEST_STEP][PASSED] - Statement - If (openBrowser == false): null

2018-05-22 11:06:27 - [TEST_STEP][PASSED] - setText: Text '' is set on object 'Object Repository/BoldKey Login/Page_BOLD.Key - Login - BUTTON/input_txtusername'

2018-05-22 11:06:27 - [MESSAGE][PASSED] - Text '' is set on object 'Object Repository/BoldKey Login/Page_BOLD.Key - Login - BUTTON/input_txtusername'

2018-05-22 11:06:27 - [TEST_STEP][PASSED] - setText: Text 'P@55word' is set on object 'Object Repository/BoldKey Login/Page_BOLD.Key - Login - BUTTON/input_txtpassword'

2018-05-22 11:06:28 - [MESSAGE][PASSED] - Text 'P@55word' is set on object 'Object Repository/BoldKey Login/Page_BOLD.Key - Login - BUTTON/input_txtpassword'

2018-05-22 11:06:28 - [TEST_STEP][PASSED] - Statement - verifyUsername = com.kms.katalon.core.webui.keyword.WebUiBuiltInKeywords.getText(com.kms.katalon.core.testobject.ObjectRepository.findTestObject(Object Repository/BoldKey Login/Page_BOLD.Key - Login - BUTTON/input_txtusername)): Text of object 'Object Repository/BoldKey Login/Page_BOLD.Key - Login - BUTTON/input_txtusername' is: ''

2018-05-22 11:06:28 - [MESSAGE][PASSED] - Text of object 'Object Repository/BoldKey Login/Page_BOLD.Key - Login - BUTTON/input_txtusername' is: ''

2018-05-22 11:06:28 - [TEST_STEP][PASSED] - Statement - verifyPassword = com.kms.katalon.core.webui.keyword.WebUiBuiltInKeywords.getText(com.kms.katalon.core.testobject.ObjectRepository.findTestObject(Object Repository/BoldKey Login/Page_BOLD.Key - Login - BUTTON/input_txtpassword)): Text of object 'Object Repository/BoldKey Login/Page_BOLD.Key - Login - BUTTON/input_txtpassword' is: ''

2018-05-22 11:06:28 - [MESSAGE][PASSED] - Text of object 'Object Repository/BoldKey Login/Page_BOLD.Key - Login - BUTTON/input_txtpassword' is: ''

2018-05-22 11:06:28 - [TEST_STEP][PASSED] - click: Object: 'Object Repository/BoldKey Login/Page_BOLD.Key - Login - BUTTON/button_LOGIN' is clicked on

2018-05-22 11:06:28 - [MESSAGE][PASSED] - Object: 'Object Repository/BoldKey Login/Page_BOLD.Key - Login - BUTTON/button_LOGIN' is clicked on

2018-05-22 11:06:28 - [TEST_STEP][PASSED] - Statement - switch (data_expectedresult.toString()): Unable to verify match between actual text 'Invalid username and password.' and expected text 'The username field is required.' using regular expression (Root cause: Actual text 'Invalid username and password.' and expected text 'The username field is required.' are not matched using regular expression)

2018-05-22 11:06:28 - [TEST_STEP][PASSED] - Statement - Default: Unable to verify match between actual text 'Invalid username and password.' and expected text 'The username field is required.' using regular expression (Root cause: Actual text 'Invalid username and password.' and expected text 'The username field is required.' are not matched using regular expression)

2018-05-22 11:06:28 - [TEST_STEP][PASSED] - Statement - If (verifyUsername.trim() != "" || verifyPassword != ""): null

2018-05-22 11:06:28 - [TEST_STEP][PASSED] - Statement - Else: Unable to verify match between actual text 'Invalid username and password.' and expected text 'The username field is required.' using regular expression (Root cause: Actual text 'Invalid username and password.' and expected text 'The username field is required.' are not matched using regular expression)

2018-05-22 11:06:28 - [TEST_STEP][PASSED] - Statement - If (com.kms.katalon.core.webui.keyword.WebUiBuiltInKeywords.waitForElementPresent(com.kms.katalon.core.testobject.ObjectRepository.findTestObject(Object Repository/BoldKey Login/Page_BOLD.Key - Login - BUTTON/Page_BOLD.Key - Login (2)/Page_BOLD.Key - Login/invalid_message), 5)): Unable to verify match between actual text 'Invalid username and password.' and expected text 'The username field is required.' using regular expression (Root cause: Actual text 'Invalid username and password.' and expected text 'The username field is required.' are not matched using regular expression)

2018-05-22 11:06:28 - [MESSAGE][PASSED] - Object 'Object Repository/BoldKey Login/Page_BOLD.Key - Login - BUTTON/Page_BOLD.Key - Login (2)/Page_BOLD.Key - Login/invalid_message' is present

2018-05-22 11:06:28 - [TEST_STEP][PASSED] - Statement - verifyErrorMsg = com.kms.katalon.core.webui.keyword.WebUiBuiltInKeywords.getText(com.kms.katalon.core.testobject.ObjectRepository.findTestObject(Object Repository/BoldKey Login/Page_BOLD.Key - Login - BUTTON/Page_BOLD.Key - Login (2)/Page_BOLD.Key - Login/invalid_message)): Text of object 'Object Repository/BoldKey Login/Page_BOLD.Key - Login - BUTTON/Page_BOLD.Key - Login (2)/Page_BOLD.Key - Login/invalid_message' is: 'Invalid username and password.'

2018-05-22 11:06:28 - [MESSAGE][PASSED] - Text of object 'Object Repository/BoldKey Login/Page_BOLD.Key - Login - BUTTON/Page_BOLD.Key - Login (2)/Page_BOLD.Key - Login/invalid_message' is: 'Invalid username and password.'

2018-05-22 11:06:28 - [TEST_STEP][FAILED] - verifyMatch: Unable to verify match between actual text 'Invalid username and password.' and expected text 'The username field is required.' using regular expression (Root cause: Actual text 'Invalid username and password.' and expected text 'The username field is required.' are not matched using regular expression)

2018-05-22 11:06:28 - [MESSAGE][FAILED] - Unable to verify match between actual text 'Invalid username and password.' and expected text 'The username field is required.' using regular expression (Root cause: Actual text 'Invalid username and password.' and expected text 'The username field is required.' are not matched using regular expression)]]></system-out>
         <system-err><![CDATA[2018-05-22 11:06:27 - [TEST_CASE][FAILED] - Test Cases/Bold Key Login Page/Negative Case/Login Fail - Button 1: Test Cases/Bold Key Login Page/Negative Case/Login Fail - Button 1 FAILED because (of) Unable to verify match between actual text 'Invalid username and password.' and expected text 'The username field is required.' using regular expression (Root cause: Actual text 'Invalid username and password.' and expected text 'The username field is required.' are not matched using regular expression)]]></system-err>
      </testcase>
      <testcase name="Test Cases/Bold Key Login Page/Negative Case/Login Fail - Button 1" classname="Test Cases/Bold Key Login Page/Negative Case/Login Fail - Button 1" status="FAILED">
         <failure type="FAILED" message="Unable to verify match between actual text 'Invalid username and password.' and expected text 'The password field is required.' using regular expression (Root cause: Actual text 'Invalid username and password.' and expected text 'The password field is required.' are not matched using regular expression)"/>
         <system-out><![CDATA[2018-05-22 11:06:28 - [TEST_CASE][FAILED] - Test Cases/Bold Key Login Page/Negative Case/Login Fail - Button 1: Test Cases/Bold Key Login Page/Negative Case/Login Fail - Button 1 FAILED because (of) Unable to verify match between actual text 'Invalid username and password.' and expected text 'The password field is required.' using regular expression (Root cause: Actual text 'Invalid username and password.' and expected text 'The password field is required.' are not matched using regular expression)

2018-05-22 11:06:28 - [TEST_STEP][PASSED] - Statement - If (openBrowser == false): null

2018-05-22 11:06:28 - [TEST_STEP][PASSED] - setText: Text 'cwpreflat' is set on object 'Object Repository/BoldKey Login/Page_BOLD.Key - Login - BUTTON/input_txtusername'

2018-05-22 11:06:28 - [MESSAGE][PASSED] - Text 'cwpreflat' is set on object 'Object Repository/BoldKey Login/Page_BOLD.Key - Login - BUTTON/input_txtusername'

2018-05-22 11:06:28 - [TEST_STEP][PASSED] - setText: Text '' is set on object 'Object Repository/BoldKey Login/Page_BOLD.Key - Login - BUTTON/input_txtpassword'

2018-05-22 11:06:28 - [MESSAGE][PASSED] - Text '' is set on object 'Object Repository/BoldKey Login/Page_BOLD.Key - Login - BUTTON/input_txtpassword'

2018-05-22 11:06:28 - [TEST_STEP][PASSED] - Statement - verifyUsername = com.kms.katalon.core.webui.keyword.WebUiBuiltInKeywords.getText(com.kms.katalon.core.testobject.ObjectRepository.findTestObject(Object Repository/BoldKey Login/Page_BOLD.Key - Login - BUTTON/input_txtusername)): Text of object 'Object Repository/BoldKey Login/Page_BOLD.Key - Login - BUTTON/input_txtusername' is: ''

2018-05-22 11:06:28 - [MESSAGE][PASSED] - Text of object 'Object Repository/BoldKey Login/Page_BOLD.Key - Login - BUTTON/input_txtusername' is: ''

2018-05-22 11:06:28 - [TEST_STEP][PASSED] - Statement - verifyPassword = com.kms.katalon.core.webui.keyword.WebUiBuiltInKeywords.getText(com.kms.katalon.core.testobject.ObjectRepository.findTestObject(Object Repository/BoldKey Login/Page_BOLD.Key - Login - BUTTON/input_txtpassword)): Text of object 'Object Repository/BoldKey Login/Page_BOLD.Key - Login - BUTTON/input_txtpassword' is: ''

2018-05-22 11:06:29 - [MESSAGE][PASSED] - Text of object 'Object Repository/BoldKey Login/Page_BOLD.Key - Login - BUTTON/input_txtpassword' is: ''

2018-05-22 11:06:29 - [TEST_STEP][PASSED] - click: Object: 'Object Repository/BoldKey Login/Page_BOLD.Key - Login - BUTTON/button_LOGIN' is clicked on

2018-05-22 11:06:29 - [MESSAGE][PASSED] - Object: 'Object Repository/BoldKey Login/Page_BOLD.Key - Login - BUTTON/button_LOGIN' is clicked on

2018-05-22 11:06:29 - [TEST_STEP][PASSED] - Statement - switch (data_expectedresult.toString()): Unable to verify match between actual text 'Invalid username and password.' and expected text 'The password field is required.' using regular expression (Root cause: Actual text 'Invalid username and password.' and expected text 'The password field is required.' are not matched using regular expression)

2018-05-22 11:06:29 - [TEST_STEP][PASSED] - Statement - Default: Unable to verify match between actual text 'Invalid username and password.' and expected text 'The password field is required.' using regular expression (Root cause: Actual text 'Invalid username and password.' and expected text 'The password field is required.' are not matched using regular expression)

2018-05-22 11:06:29 - [TEST_STEP][PASSED] - Statement - If (verifyUsername.trim() != "" || verifyPassword != ""): null

2018-05-22 11:06:29 - [TEST_STEP][PASSED] - Statement - Else: Unable to verify match between actual text 'Invalid username and password.' and expected text 'The password field is required.' using regular expression (Root cause: Actual text 'Invalid username and password.' and expected text 'The password field is required.' are not matched using regular expression)

2018-05-22 11:06:29 - [TEST_STEP][PASSED] - Statement - If (com.kms.katalon.core.webui.keyword.WebUiBuiltInKeywords.waitForElementPresent(com.kms.katalon.core.testobject.ObjectRepository.findTestObject(Object Repository/BoldKey Login/Page_BOLD.Key - Login - BUTTON/Page_BOLD.Key - Login (2)/Page_BOLD.Key - Login/invalid_message), 5)): Unable to verify match between actual text 'Invalid username and password.' and expected text 'The password field is required.' using regular expression (Root cause: Actual text 'Invalid username and password.' and expected text 'The password field is required.' are not matched using regular expression)

2018-05-22 11:06:29 - [MESSAGE][PASSED] - Object 'Object Repository/BoldKey Login/Page_BOLD.Key - Login - BUTTON/Page_BOLD.Key - Login (2)/Page_BOLD.Key - Login/invalid_message' is present

2018-05-22 11:06:29 - [TEST_STEP][PASSED] - Statement - verifyErrorMsg = com.kms.katalon.core.webui.keyword.WebUiBuiltInKeywords.getText(com.kms.katalon.core.testobject.ObjectRepository.findTestObject(Object Repository/BoldKey Login/Page_BOLD.Key - Login - BUTTON/Page_BOLD.Key - Login (2)/Page_BOLD.Key - Login/invalid_message)): Text of object 'Object Repository/BoldKey Login/Page_BOLD.Key - Login - BUTTON/Page_BOLD.Key - Login (2)/Page_BOLD.Key - Login/invalid_message' is: 'Invalid username and password.'

2018-05-22 11:06:29 - [MESSAGE][PASSED] - Text of object 'Object Repository/BoldKey Login/Page_BOLD.Key - Login - BUTTON/Page_BOLD.Key - Login (2)/Page_BOLD.Key - Login/invalid_message' is: 'Invalid username and password.'

2018-05-22 11:06:29 - [TEST_STEP][FAILED] - verifyMatch: Unable to verify match between actual text 'Invalid username and password.' and expected text 'The password field is required.' using regular expression (Root cause: Actual text 'Invalid username and password.' and expected text 'The password field is required.' are not matched using regular expression)

2018-05-22 11:06:29 - [MESSAGE][FAILED] - Unable to verify match between actual text 'Invalid username and password.' and expected text 'The password field is required.' using regular expression (Root cause: Actual text 'Invalid username and password.' and expected text 'The password field is required.' are not matched using regular expression)]]></system-out>
         <system-err><![CDATA[2018-05-22 11:06:28 - [TEST_CASE][FAILED] - Test Cases/Bold Key Login Page/Negative Case/Login Fail - Button 1: Test Cases/Bold Key Login Page/Negative Case/Login Fail - Button 1 FAILED because (of) Unable to verify match between actual text 'Invalid username and password.' and expected text 'The password field is required.' using regular expression (Root cause: Actual text 'Invalid username and password.' and expected text 'The password field is required.' are not matched using regular expression)]]></system-err>
      </testcase>
      <testcase name="Test Cases/Bold Key Login Page/Negative Case/Login Fail - Button 1" classname="Test Cases/Bold Key Login Page/Negative Case/Login Fail - Button 1" status="FAILED">
         <failure type="FAILED" message="Unable to verify match between actual text 'Invalid username and password.' and expected text 'The username field is required.' using regular expression (Root cause: Actual text 'Invalid username and password.' and expected text 'The username field is required.' are not matched using regular expression)"/>
         <system-out><![CDATA[2018-05-22 11:06:29 - [TEST_CASE][FAILED] - Test Cases/Bold Key Login Page/Negative Case/Login Fail - Button 1: Test Cases/Bold Key Login Page/Negative Case/Login Fail - Button 1 FAILED because (of) Unable to verify match between actual text 'Invalid username and password.' and expected text 'The username field is required.' using regular expression (Root cause: Actual text 'Invalid username and password.' and expected text 'The username field is required.' are not matched using regular expression)

2018-05-22 11:06:29 - [TEST_STEP][PASSED] - Statement - If (openBrowser == false): null

2018-05-22 11:06:29 - [TEST_STEP][PASSED] - setText: Text '' is set on object 'Object Repository/BoldKey Login/Page_BOLD.Key - Login - BUTTON/input_txtusername'

2018-05-22 11:06:29 - [MESSAGE][PASSED] - Text '' is set on object 'Object Repository/BoldKey Login/Page_BOLD.Key - Login - BUTTON/input_txtusername'

2018-05-22 11:06:29 - [TEST_STEP][PASSED] - setText: Text '' is set on object 'Object Repository/BoldKey Login/Page_BOLD.Key - Login - BUTTON/input_txtpassword'

2018-05-22 11:06:29 - [MESSAGE][PASSED] - Text '' is set on object 'Object Repository/BoldKey Login/Page_BOLD.Key - Login - BUTTON/input_txtpassword'

2018-05-22 11:06:29 - [TEST_STEP][PASSED] - Statement - verifyUsername = com.kms.katalon.core.webui.keyword.WebUiBuiltInKeywords.getText(com.kms.katalon.core.testobject.ObjectRepository.findTestObject(Object Repository/BoldKey Login/Page_BOLD.Key - Login - BUTTON/input_txtusername)): Text of object 'Object Repository/BoldKey Login/Page_BOLD.Key - Login - BUTTON/input_txtusername' is: ''

2018-05-22 11:06:29 - [MESSAGE][PASSED] - Text of object 'Object Repository/BoldKey Login/Page_BOLD.Key - Login - BUTTON/input_txtusername' is: ''

2018-05-22 11:06:29 - [TEST_STEP][PASSED] - Statement - verifyPassword = com.kms.katalon.core.webui.keyword.WebUiBuiltInKeywords.getText(com.kms.katalon.core.testobject.ObjectRepository.findTestObject(Object Repository/BoldKey Login/Page_BOLD.Key - Login - BUTTON/input_txtpassword)): Text of object 'Object Repository/BoldKey Login/Page_BOLD.Key - Login - BUTTON/input_txtpassword' is: ''

2018-05-22 11:06:29 - [MESSAGE][PASSED] - Text of object 'Object Repository/BoldKey Login/Page_BOLD.Key - Login - BUTTON/input_txtpassword' is: ''

2018-05-22 11:06:29 - [TEST_STEP][PASSED] - click: Object: 'Object Repository/BoldKey Login/Page_BOLD.Key - Login - BUTTON/button_LOGIN' is clicked on

2018-05-22 11:06:29 - [MESSAGE][PASSED] - Object: 'Object Repository/BoldKey Login/Page_BOLD.Key - Login - BUTTON/button_LOGIN' is clicked on

2018-05-22 11:06:29 - [TEST_STEP][PASSED] - Statement - switch (data_expectedresult.toString()): Unable to verify match between actual text 'Invalid username and password.' and expected text 'The username field is required.' using regular expression (Root cause: Actual text 'Invalid username and password.' and expected text 'The username field is required.' are not matched using regular expression)

2018-05-22 11:06:29 - [TEST_STEP][PASSED] - Statement - Default: Unable to verify match between actual text 'Invalid username and password.' and expected text 'The username field is required.' using regular expression (Root cause: Actual text 'Invalid username and password.' and expected text 'The username field is required.' are not matched using regular expression)

2018-05-22 11:06:29 - [TEST_STEP][PASSED] - Statement - If (verifyUsername.trim() != "" || verifyPassword != ""): null

2018-05-22 11:06:29 - [TEST_STEP][PASSED] - Statement - Else: Unable to verify match between actual text 'Invalid username and password.' and expected text 'The username field is required.' using regular expression (Root cause: Actual text 'Invalid username and password.' and expected text 'The username field is required.' are not matched using regular expression)

2018-05-22 11:06:29 - [TEST_STEP][PASSED] - Statement - If (com.kms.katalon.core.webui.keyword.WebUiBuiltInKeywords.waitForElementPresent(com.kms.katalon.core.testobject.ObjectRepository.findTestObject(Object Repository/BoldKey Login/Page_BOLD.Key - Login - BUTTON/Page_BOLD.Key - Login (2)/Page_BOLD.Key - Login/invalid_message), 5)): Unable to verify match between actual text 'Invalid username and password.' and expected text 'The username field is required.' using regular expression (Root cause: Actual text 'Invalid username and password.' and expected text 'The username field is required.' are not matched using regular expression)

2018-05-22 11:06:29 - [MESSAGE][PASSED] - Object 'Object Repository/BoldKey Login/Page_BOLD.Key - Login - BUTTON/Page_BOLD.Key - Login (2)/Page_BOLD.Key - Login/invalid_message' is present

2018-05-22 11:06:29 - [TEST_STEP][PASSED] - Statement - verifyErrorMsg = com.kms.katalon.core.webui.keyword.WebUiBuiltInKeywords.getText(com.kms.katalon.core.testobject.ObjectRepository.findTestObject(Object Repository/BoldKey Login/Page_BOLD.Key - Login - BUTTON/Page_BOLD.Key - Login (2)/Page_BOLD.Key - Login/invalid_message)): Text of object 'Object Repository/BoldKey Login/Page_BOLD.Key - Login - BUTTON/Page_BOLD.Key - Login (2)/Page_BOLD.Key - Login/invalid_message' is: 'Invalid username and password.'

2018-05-22 11:06:29 - [MESSAGE][PASSED] - Text of object 'Object Repository/BoldKey Login/Page_BOLD.Key - Login - BUTTON/Page_BOLD.Key - Login (2)/Page_BOLD.Key - Login/invalid_message' is: 'Invalid username and password.'

2018-05-22 11:06:29 - [TEST_STEP][FAILED] - verifyMatch: Unable to verify match between actual text 'Invalid username and password.' and expected text 'The username field is required.' using regular expression (Root cause: Actual text 'Invalid username and password.' and expected text 'The username field is required.' are not matched using regular expression)

2018-05-22 11:06:29 - [MESSAGE][FAILED] - Unable to verify match between actual text 'Invalid username and password.' and expected text 'The username field is required.' using regular expression (Root cause: Actual text 'Invalid username and password.' and expected text 'The username field is required.' are not matched using regular expression)]]></system-out>
         <system-err><![CDATA[2018-05-22 11:06:29 - [TEST_CASE][FAILED] - Test Cases/Bold Key Login Page/Negative Case/Login Fail - Button 1: Test Cases/Bold Key Login Page/Negative Case/Login Fail - Button 1 FAILED because (of) Unable to verify match between actual text 'Invalid username and password.' and expected text 'The username field is required.' using regular expression (Root cause: Actual text 'Invalid username and password.' and expected text 'The username field is required.' are not matched using regular expression)]]></system-err>
      </testcase>
      <testcase name="Test Cases/Bold Key Login Page/Negative Case/Login Fail - Button 1" classname="Test Cases/Bold Key Login Page/Negative Case/Login Fail - Button 1" status="FAILED">
         <failure type="FAILED" message="Unable to verify match between actual text 'Invalid username and password.' and expected text '' using regular expression (Root cause: Actual text 'Invalid username and password.' and expected text '' are not matched using regular expression)"/>
         <system-out><![CDATA[2018-05-22 11:06:29 - [TEST_CASE][FAILED] - Test Cases/Bold Key Login Page/Negative Case/Login Fail - Button 1: Test Cases/Bold Key Login Page/Negative Case/Login Fail - Button 1 FAILED because (of) Unable to verify match between actual text 'Invalid username and password.' and expected text '' using regular expression (Root cause: Actual text 'Invalid username and password.' and expected text '' are not matched using regular expression)

2018-05-22 11:06:30 - [TEST_STEP][PASSED] - Statement - If (openBrowser == false): null

2018-05-22 11:06:30 - [TEST_STEP][PASSED] - setText: Text '' is set on object 'Object Repository/BoldKey Login/Page_BOLD.Key - Login - BUTTON/input_txtusername'

2018-05-22 11:06:30 - [MESSAGE][PASSED] - Text '' is set on object 'Object Repository/BoldKey Login/Page_BOLD.Key - Login - BUTTON/input_txtusername'

2018-05-22 11:06:30 - [TEST_STEP][PASSED] - setText: Text '' is set on object 'Object Repository/BoldKey Login/Page_BOLD.Key - Login - BUTTON/input_txtpassword'

2018-05-22 11:06:30 - [MESSAGE][PASSED] - Text '' is set on object 'Object Repository/BoldKey Login/Page_BOLD.Key - Login - BUTTON/input_txtpassword'

2018-05-22 11:06:30 - [TEST_STEP][PASSED] - Statement - verifyUsername = com.kms.katalon.core.webui.keyword.WebUiBuiltInKeywords.getText(com.kms.katalon.core.testobject.ObjectRepository.findTestObject(Object Repository/BoldKey Login/Page_BOLD.Key - Login - BUTTON/input_txtusername)): Text of object 'Object Repository/BoldKey Login/Page_BOLD.Key - Login - BUTTON/input_txtusername' is: ''

2018-05-22 11:06:30 - [MESSAGE][PASSED] - Text of object 'Object Repository/BoldKey Login/Page_BOLD.Key - Login - BUTTON/input_txtusername' is: ''

2018-05-22 11:06:30 - [TEST_STEP][PASSED] - Statement - verifyPassword = com.kms.katalon.core.webui.keyword.WebUiBuiltInKeywords.getText(com.kms.katalon.core.testobject.ObjectRepository.findTestObject(Object Repository/BoldKey Login/Page_BOLD.Key - Login - BUTTON/input_txtpassword)): Text of object 'Object Repository/BoldKey Login/Page_BOLD.Key - Login - BUTTON/input_txtpassword' is: ''

2018-05-22 11:06:30 - [MESSAGE][PASSED] - Text of object 'Object Repository/BoldKey Login/Page_BOLD.Key - Login - BUTTON/input_txtpassword' is: ''

2018-05-22 11:06:30 - [TEST_STEP][PASSED] - click: Object: 'Object Repository/BoldKey Login/Page_BOLD.Key - Login - BUTTON/button_LOGIN' is clicked on

2018-05-22 11:06:30 - [MESSAGE][PASSED] - Object: 'Object Repository/BoldKey Login/Page_BOLD.Key - Login - BUTTON/button_LOGIN' is clicked on

2018-05-22 11:06:30 - [TEST_STEP][PASSED] - Statement - switch (data_expectedresult.toString()): Unable to verify match between actual text 'Invalid username and password.' and expected text '' using regular expression (Root cause: Actual text 'Invalid username and password.' and expected text '' are not matched using regular expression)

2018-05-22 11:06:30 - [TEST_STEP][PASSED] - Statement - Default: Unable to verify match between actual text 'Invalid username and password.' and expected text '' using regular expression (Root cause: Actual text 'Invalid username and password.' and expected text '' are not matched using regular expression)

2018-05-22 11:06:30 - [TEST_STEP][PASSED] - Statement - If (verifyUsername.trim() != "" || verifyPassword != ""): null

2018-05-22 11:06:30 - [TEST_STEP][PASSED] - Statement - Else: Unable to verify match between actual text 'Invalid username and password.' and expected text '' using regular expression (Root cause: Actual text 'Invalid username and password.' and expected text '' are not matched using regular expression)

2018-05-22 11:06:30 - [TEST_STEP][PASSED] - Statement - If (com.kms.katalon.core.webui.keyword.WebUiBuiltInKeywords.waitForElementPresent(com.kms.katalon.core.testobject.ObjectRepository.findTestObject(Object Repository/BoldKey Login/Page_BOLD.Key - Login - BUTTON/Page_BOLD.Key - Login (2)/Page_BOLD.Key - Login/invalid_message), 5)): Unable to verify match between actual text 'Invalid username and password.' and expected text '' using regular expression (Root cause: Actual text 'Invalid username and password.' and expected text '' are not matched using regular expression)

2018-05-22 11:06:30 - [MESSAGE][PASSED] - Object 'Object Repository/BoldKey Login/Page_BOLD.Key - Login - BUTTON/Page_BOLD.Key - Login (2)/Page_BOLD.Key - Login/invalid_message' is present

2018-05-22 11:06:30 - [TEST_STEP][PASSED] - Statement - verifyErrorMsg = com.kms.katalon.core.webui.keyword.WebUiBuiltInKeywords.getText(com.kms.katalon.core.testobject.ObjectRepository.findTestObject(Object Repository/BoldKey Login/Page_BOLD.Key - Login - BUTTON/Page_BOLD.Key - Login (2)/Page_BOLD.Key - Login/invalid_message)): Text of object 'Object Repository/BoldKey Login/Page_BOLD.Key - Login - BUTTON/Page_BOLD.Key - Login (2)/Page_BOLD.Key - Login/invalid_message' is: 'Invalid username and password.'

2018-05-22 11:06:30 - [MESSAGE][PASSED] - Text of object 'Object Repository/BoldKey Login/Page_BOLD.Key - Login - BUTTON/Page_BOLD.Key - Login (2)/Page_BOLD.Key - Login/invalid_message' is: 'Invalid username and password.'

2018-05-22 11:06:30 - [TEST_STEP][FAILED] - verifyMatch: Unable to verify match between actual text 'Invalid username and password.' and expected text '' using regular expression (Root cause: Actual text 'Invalid username and password.' and expected text '' are not matched using regular expression)

2018-05-22 11:06:30 - [MESSAGE][FAILED] - Unable to verify match between actual text 'Invalid username and password.' and expected text '' using regular expression (Root cause: Actual text 'Invalid username and password.' and expected text '' are not matched using regular expression)]]></system-out>
         <system-err><![CDATA[2018-05-22 11:06:29 - [TEST_CASE][FAILED] - Test Cases/Bold Key Login Page/Negative Case/Login Fail - Button 1: Test Cases/Bold Key Login Page/Negative Case/Login Fail - Button 1 FAILED because (of) Unable to verify match between actual text 'Invalid username and password.' and expected text '' using regular expression (Root cause: Actual text 'Invalid username and password.' and expected text '' are not matched using regular expression)]]></system-err>
      </testcase>
      <testcase name="Test Cases/Bold Key Login Page/Positive Case/Login Success - Button" classname="Test Cases/Bold Key Login Page/Positive Case/Login Success - Button" status="FAILED">
         <failure type="FAILED" message="Unable to set text (Root cause: java.lang.IllegalArgumentException: Object is null)"/>
         <system-out><![CDATA[2018-05-22 11:06:30 - [TEST_CASE][FAILED] - Test Cases/Bold Key Login Page/Positive Case/Login Success - Button: Test Cases/Bold Key Login Page/Positive Case/Login Success - Button FAILED because (of) Unable to set text (Root cause: java.lang.IllegalArgumentException: Object is null)

2018-05-22 11:06:30 - [TEST_STEP][PASSED] - openBrowser: Browser is opened with url: ''

2018-05-22 11:06:30 - [MESSAGE][WARNING] - A browser is already opened. Closing browser and opening a new one

2018-05-22 11:06:34 - [MESSAGE][PASSED] - Browser is opened with url: ''

2018-05-22 11:06:34 - [TEST_STEP][PASSED] - navigateToUrl: Navigate to 'http://sit.boldkey.cc/Web/login' successfully

2018-05-22 11:07:27 - [MESSAGE][PASSED] - Navigate to 'http://sit.boldkey.cc/Web/login' successfully

2018-05-22 11:07:27 - [TEST_STEP][FAILED] - setText: Unable to set text (Root cause: java.lang.IllegalArgumentException: Object is null)

2018-05-22 11:07:27 - [MESSAGE][WARNING] - Test object with id 'Object Repository/BoldKey Login/Page_/Page_/Page_BOLD.Key - Login/input_txtusername' does not exist

2018-05-22 11:07:27 - [MESSAGE][WARNING] - Test object with id 'Object Repository/' does not exist

2018-05-22 11:07:27 - [MESSAGE][FAILED] - Unable to set text (Root cause: java.lang.IllegalArgumentException: Object is null)
[[ATTACHMENT|C:\\Users\\olivia.chong\\Katalon Studio\\BoldKey\\Reports\\BoldKey Login Page\\20180522_110542\\1526958447094.png]]]]></system-out>
         <system-err><![CDATA[2018-05-22 11:06:30 - [TEST_CASE][FAILED] - Test Cases/Bold Key Login Page/Positive Case/Login Success - Button: Test Cases/Bold Key Login Page/Positive Case/Login Success - Button FAILED because (of) Unable to set text (Root cause: java.lang.IllegalArgumentException: Object is null)]]></system-err>
      </testcase>
      <system-out><![CDATA[2018-05-22 11:05:44 - [TEST_SUITE][FAILED] - BoldKey Login Page: Test Cases/Bold Key Login Page/Negative Case/Login Fail - Button 1 FAILED because (of) Unable to verify match between actual text '' and expected text 'Invalid username and password.' using regular expression (Root cause: Actual text '' and expected text 'Invalid username and password.' are not matched using regular expression)]]></system-out>
      <system-err><![CDATA[2018-05-22 11:05:44 - [TEST_SUITE][FAILED] - BoldKey Login Page: Test Cases/Bold Key Login Page/Negative Case/Login Fail - Button 1 FAILED because (of) Unable to verify match between actual text '' and expected text 'Invalid username and password.' using regular expression (Root cause: Actual text '' and expected text 'Invalid username and password.' are not matched using regular expression)]]></system-err>
   </testsuite>
</testsuites>
