<?xml version="1.0" encoding="UTF-8"?>
<testsuites name="Activity Module - Add one template" time="79" tests="1" failures="1" errors="0">
   <testsuite name="Activity Module - Add one template" tests="1" failures="1" errors="0" time="79" timestamp="2018-08-14 17:56:26" hostname="olivia.chong - Olivia0517.mk.macrokiosk.com" id="Test Suites/Boldkey Activity Module/Activity Module - Add one template">
      <properties>
         <property name="deviceName" value=""/>
         <property name="devicePlatform" value=""/>
         <property name="logFolder" value="C:\\Users\\olivia.chong\\Katalon Studio\\BoldKey\\Reports\\Boldkey Activity Module\\Activity Module - Add one template\\20180814_175623"/>
         <property name="logFiles" value="C:\\Users\\olivia.chong\\Katalon Studio\\BoldKey\\Reports\\Boldkey Activity Module\\Activity Module - Add one template\\20180814_175623\\execution0.log"/>
         <property name="attachments" value="C:\\Users\\olivia.chong\\Katalon Studio\\BoldKey\\Reports\\Boldkey Activity Module\\Activity Module - Add one template\\20180814_175623\\1534240665449.png"/>
         <property name="hostName" value="olivia.chong - Olivia0517.mk.macrokiosk.com"/>
         <property name="os" value="Windows 10 64bit"/>
         <property name="katalonVersion" value="5.4.1.1"/>
         <property name="browser" value="Chrome 67.0.3396.99"/>
         <property name="hostAddress" value="192.168.2.72"/>
         <property name="sessionId" value="c8e2ee3fe0ce1e918bc0ad9bdd119e04"/>
         <property name="seleniumVersion" value="3.7.1"/>
         <property name="proxyInformation" value="ProxyInformation{proxyOption=NO_PROXY, proxyServerType=HTTP, password=, proxyServerAddress=, proxyServerPort=0}"/>
         <property name="platform" value="Windows 10"/>
      </properties>
      <testcase name="Test Cases/Boldkey Activity Module/Add Activity Page/Add new activity - Select consent" classname="Test Cases/Boldkey Activity Module/Add Activity Page/Add new activity - Select consent" status="PASSED">
         <system-out><![CDATA[2018-08-14 17:56:27 - [TEST_CASE][PASSED] - Test Cases/Boldkey Activity Module/Add Activity Page/Add new activity - Select consent: Test Cases/Boldkey Activity Module/Add Activity Page/Add new activity - Select consent

2018-08-14 17:56:28 - [TEST_STEP][PASSED] - callTestCase: Call Test Case 'Test Cases/Bold Key Login Page/Open Browser' successfully

2018-08-14 17:56:28 - [TEST_CASE][PASSED] - Test Cases/Bold Key Login Page/Open Browser: Test Cases/Bold Key Login Page/Open Browser

2018-08-14 17:56:28 - [TEST_STEP][PASSED] - openBrowser: Browser is opened with url: ''

2018-08-14 17:56:32 - [MESSAGE][PASSED] - Browser is opened with url: ''

2018-08-14 17:56:32 - [TEST_STEP][PASSED] - navigateToUrl: Navigate to 'http://sit.boldkey.cc/Web/login' successfully

2018-08-14 17:56:44 - [MESSAGE][PASSED] - Navigate to 'http://sit.boldkey.cc/Web/login' successfully

2018-08-14 17:56:44 - [TEST_STEP][PASSED] - Statement - openBrowser = true: null

2018-08-14 17:56:44 - [MESSAGE][PASSED] - Call Test Case 'Test Cases/Bold Key Login Page/Open Browser' successfully

2018-08-14 17:56:44 - [TEST_STEP][PASSED] - callTestCase: Call Test Case 'Test Cases/Bold Key Login Page/Login Action/Action Test Case' successfully

2018-08-14 17:56:44 - [TEST_CASE][PASSED] - Test Cases/Bold Key Login Page/Login Action/Action Test Case: Test Cases/Bold Key Login Page/Login Action/Action Test Case

2018-08-14 17:56:45 - [TEST_STEP][PASSED] - setText: Text 'cwpreflat' is set on object 'Object Repository/BoldKey Login/Page_BOLD.Key - Login - BUTTON/input_txtusername'

2018-08-14 17:56:45 - [MESSAGE][PASSED] - Text 'cwpreflat' is set on object 'Object Repository/BoldKey Login/Page_BOLD.Key - Login - BUTTON/input_txtusername'

2018-08-14 17:56:45 - [TEST_STEP][PASSED] - setText: Text 'P@55word' is set on object 'Object Repository/BoldKey Login/Page_BOLD.Key - Login - BUTTON/input_txtpassword'

2018-08-14 17:56:46 - [MESSAGE][PASSED] - Text 'P@55word' is set on object 'Object Repository/BoldKey Login/Page_BOLD.Key - Login - BUTTON/input_txtpassword'

2018-08-14 17:56:46 - [TEST_STEP][PASSED] - click: Object: 'Object Repository/BoldKey Login/Page_BOLD.Key - Login - BUTTON/button_LOGIN' is clicked on

2018-08-14 17:56:46 - [MESSAGE][PASSED] - Object: 'Object Repository/BoldKey Login/Page_BOLD.Key - Login - BUTTON/button_LOGIN' is clicked on

2018-08-14 17:56:46 - [TEST_STEP][PASSED] - delay: Delayed 2 second(s)

2018-08-14 17:56:48 - [MESSAGE][PASSED] - Delayed 2 second(s)

2018-08-14 17:56:48 - [MESSAGE][PASSED] - Call Test Case 'Test Cases/Bold Key Login Page/Login Action/Action Test Case' successfully

2018-08-14 17:56:48 - [TEST_STEP][PASSED] - click: Object: 'Object Repository/Boldkey Activity Listing/Add Activity/a_Activity (4)' is clicked on

2018-08-14 17:57:00 - [MESSAGE][PASSED] - Object: 'Object Repository/Boldkey Activity Listing/Add Activity/a_Activity (4)' is clicked on

2018-08-14 17:57:00 - [TEST_STEP][PASSED] - click: Object: 'Object Repository/Boldkey Activity Listing/Add Activity/button_Activity (4)' is clicked on

2018-08-14 17:57:01 - [MESSAGE][PASSED] - Object: 'Object Repository/Boldkey Activity Listing/Add Activity/button_Activity (4)' is clicked on

2018-08-14 17:57:01 - [TEST_STEP][PASSED] - setText: Text 'Olivia Activity Bind' is set on object 'Object Repository/Boldkey Activity Listing/Add Activity/input_txt_ActivityName (1)'

2018-08-14 17:57:01 - [MESSAGE][PASSED] - Text 'Olivia Activity Bind' is set on object 'Object Repository/Boldkey Activity Listing/Add Activity/input_txt_ActivityName (1)'

2018-08-14 17:57:01 - [TEST_STEP][PASSED] - setText: Text 'Test Description full step' is set on object 'Object Repository/Boldkey Activity Listing/Add Activity/input_txt_ActivityDescription (1)'

2018-08-14 17:57:01 - [MESSAGE][PASSED] - Text 'Test Description full step' is set on object 'Object Repository/Boldkey Activity Listing/Add Activity/input_txt_ActivityDescription (1)'

2018-08-14 17:57:01 - [TEST_STEP][PASSED] - delay: Delayed 2 second(s)

2018-08-14 17:57:03 - [MESSAGE][PASSED] - Delayed 2 second(s)

2018-08-14 17:57:03 - [TEST_STEP][PASSED] - Statement - If (inputChannels.toLowerCase() == "false"): null

2018-08-14 17:57:03 - [TEST_STEP][PASSED] - Statement - Else If (inputChannels.toLowerCase() == "true"): Object: 'Object Repository/checkbox_consent' is clicked on

2018-08-14 17:57:03 - [TEST_STEP][PASSED] - Statement - If (com.kms.katalon.core.webui.keyword.WebUiBuiltInKeywords.verifyElementNotChecked(com.kms.katalon.core.testobject.ObjectRepository.findTestObject(Object Repository/checkbox_consent), 2, OPTIONAL)): Object: 'Object Repository/checkbox_consent' is clicked on

2018-08-14 17:57:04 - [MESSAGE][PASSED] - Object 'Object Repository/checkbox_consent' is not checked

2018-08-14 17:57:04 - [TEST_STEP][PASSED] - click: Object: 'Object Repository/checkbox_consent' is clicked on

2018-08-14 17:57:04 - [MESSAGE][PASSED] - Object: 'Object Repository/checkbox_consent' is clicked on

2018-08-14 17:57:04 - [TEST_STEP][PASSED] - click: Object: 'Object Repository/Boldkey Activity Listing/Add Activity/button_Next (4)' is clicked on

2018-08-14 17:57:04 - [MESSAGE][PASSED] - Object: 'Object Repository/Boldkey Activity Listing/Add Activity/button_Next (4)' is clicked on

2018-08-14 17:57:04 - [TEST_STEP][PASSED] - click: Object: 'Object Repository/Boldkey Activity Listing/Add Activity/button_OK (1)' is clicked on

2018-08-14 17:57:10 - [MESSAGE][PASSED] - Object: 'Object Repository/Boldkey Activity Listing/Add Activity/button_OK (1)' is clicked on]]></system-out>
         <system-err><![CDATA[]]></system-err>
      </testcase>
      <testcase name="Test Cases/Boldkey Activity Module/Add Template Page/Add new template - One" classname="Test Cases/Boldkey Activity Module/Add Template Page/Add new template - One" status="FAILED">
         <failure type="FAILED" message="Unable to click on object 'Object Repository/Boldkey Activity Listing/Add Template/button_OK (2)' (Root cause: com.kms.katalon.core.webui.exception.WebElementNotFoundException: Web element with id: 'Object Repository/Boldkey Activity Listing/Add Template/button_OK (2)' located by 'By.xpath: //button[@type = 'button' and (text() = 'OK' or . = 'OK')]' not found)"/>
         <system-out><![CDATA[2018-08-14 17:57:10 - [TEST_CASE][FAILED] - Test Cases/Boldkey Activity Module/Add Template Page/Add new template - One: Test Cases/Boldkey Activity Module/Add Template Page/Add new template - One FAILED because (of) Unable to click on object 'Object Repository/Boldkey Activity Listing/Add Template/button_OK (2)' (Root cause: com.kms.katalon.core.webui.exception.WebElementNotFoundException: Web element with id: 'Object Repository/Boldkey Activity Listing/Add Template/button_OK (2)' located by 'By.xpath: //button[@type = 'button' and (text() = 'OK' or . = 'OK')]' not found)

2018-08-14 17:57:10 - [TEST_STEP][PASSED] - setText: Text 'TestMul1' is set on object 'Object Repository/Boldkey Activity Listing/Add Template/input_txt_template_name (2)'

2018-08-14 17:57:10 - [MESSAGE][PASSED] - Text 'TestMul1' is set on object 'Object Repository/Boldkey Activity Listing/Add Template/input_txt_template_name (2)'

2018-08-14 17:57:10 - [TEST_STEP][PASSED] - setText: Text 'Testing Multiple template 1' is set on object 'Object Repository/Boldkey Activity Listing/Add Template/input_txt_message_Title (2)'

2018-08-14 17:57:11 - [MESSAGE][PASSED] - Text 'Testing Multiple template 1' is set on object 'Object Repository/Boldkey Activity Listing/Add Template/input_txt_message_Title (2)'

2018-08-14 17:57:11 - [TEST_STEP][PASSED] - click: Object: 'Object Repository/Boldkey Activity Listing/Add Template/button_Save (2)' is clicked on

2018-08-14 17:57:14 - [MESSAGE][PASSED] - Object: 'Object Repository/Boldkey Activity Listing/Add Template/button_Save (2)' is clicked on

2018-08-14 17:57:14 - [TEST_STEP][FAILED] - click: Unable to click on object 'Object Repository/Boldkey Activity Listing/Add Template/button_OK (2)' (Root cause: com.kms.katalon.core.webui.exception.WebElementNotFoundException: Web element with id: 'Object Repository/Boldkey Activity Listing/Add Template/button_OK (2)' located by 'By.xpath: //button[@type = 'button' and (text() = 'OK' or . = 'OK')]' not found)

2018-08-14 17:57:45 - [MESSAGE][FAILED] - Unable to click on object 'Object Repository/Boldkey Activity Listing/Add Template/button_OK (2)' (Root cause: com.kms.katalon.core.webui.exception.WebElementNotFoundException: Web element with id: 'Object Repository/Boldkey Activity Listing/Add Template/button_OK (2)' located by 'By.xpath: //button[@type = 'button' and (text() = 'OK' or . = 'OK')]' not found)
[[ATTACHMENT|C:\\Users\\olivia.chong\\Katalon Studio\\BoldKey\\Reports\\Boldkey Activity Module\\Activity Module - Add one template\\20180814_175623\\1534240665449.png]]]]></system-out>
         <system-err><![CDATA[2018-08-14 17:57:10 - [TEST_CASE][FAILED] - Test Cases/Boldkey Activity Module/Add Template Page/Add new template - One: Test Cases/Boldkey Activity Module/Add Template Page/Add new template - One FAILED because (of) Unable to click on object 'Object Repository/Boldkey Activity Listing/Add Template/button_OK (2)' (Root cause: com.kms.katalon.core.webui.exception.WebElementNotFoundException: Web element with id: 'Object Repository/Boldkey Activity Listing/Add Template/button_OK (2)' located by 'By.xpath: //button[@type = 'button' and (text() = 'OK' or . = 'OK')]' not found)]]></system-err>
      </testcase>
      <system-out><![CDATA[2018-08-14 17:56:26 - [TEST_SUITE][FAILED] - Activity Module - Add one template: Test Cases/Boldkey Activity Module/Add Template Page/Add new template - One FAILED because (of) Unable to click on object 'Object Repository/Boldkey Activity Listing/Add Template/button_OK (2)' (Root cause: com.kms.katalon.core.webui.exception.WebElementNotFoundException: Web element with id: 'Object Repository/Boldkey Activity Listing/Add Template/button_OK (2)' located by 'By.xpath: //button[@type = 'button' and (text() = 'OK' or . = 'OK')]' not found)]]></system-out>
      <system-err><![CDATA[2018-08-14 17:56:26 - [TEST_SUITE][FAILED] - Activity Module - Add one template: Test Cases/Boldkey Activity Module/Add Template Page/Add new template - One FAILED because (of) Unable to click on object 'Object Repository/Boldkey Activity Listing/Add Template/button_OK (2)' (Root cause: com.kms.katalon.core.webui.exception.WebElementNotFoundException: Web element with id: 'Object Repository/Boldkey Activity Listing/Add Template/button_OK (2)' located by 'By.xpath: //button[@type = 'button' and (text() = 'OK' or . = 'OK')]' not found)]]></system-err>
   </testsuite>
</testsuites>
