{"devicePlatform":"","logFolder":"C:\\Users\\olivia.chong\\Katalon Studio\\BoldKey\\Reports\\Boldkey Activity Module\\20180814_165021","runData":{"hostName":"olivia.chong - Olivia0517.mk.macrokiosk.com","os":"Windows 10 64bit","katalonVersion":"5.4.1.1","browser":"Chrome 67.0.3396.99","hostAddress":"192.168.2.72","sessionId":"c0b8f3e93e7b9e516ba24e2e0ba09e95","seleniumVersion":"3.7.1","proxyInformation":"ProxyInformation{proxyOption\u003dNO_PROXY, proxyServerType\u003dHTTP, password\u003d, proxyServerAddress\u003d, proxyServerPort\u003d0}","platform":"Windows 10"},"type":"TEST_SUITE","name":"Boldkey Activity Module","id":"Test Suites/Boldkey Activity Module","source":"","message":"Test Cases/Boldkey Activity Module/Add Template Page/Add new template - All Steps FAILED because (of) Unable to set text \u0027TestMul1\u0027 of object \u0027Object Repository/Boldkey Activity Listing/Add Template/input_txt_template_name (2)\u0027 (Root cause: org.openqa.selenium.WebDriverException: chrome not reachable\n  (Session info: chrome\u003d67.0.3396.99)\n  (Driver info: chromedriver\u003d2.35.528161 (5b82f2d2aae0ca24b877009200ced9065a772e73),platform\u003dWindows NT 10.0.15063 x86_64) (WARNING: The server did not provide any stacktrace information)\nCommand duration or timeout: 0 milliseconds\nBuild info: version: \u00273.7.1\u0027, revision: \u00278a0099a\u0027, time: \u00272017-11-06T21:07:36.161Z\u0027\nSystem info: host: \u0027OLIVIA0517\u0027, ip: \u0027192.168.2.72\u0027, os.name: \u0027Windows 10\u0027, os.arch: \u0027amd64\u0027, os.version: \u002710.0\u0027, java.version: \u00271.8.0_102\u0027\nDriver info: com.kms.katalon.selenium.driver.CChromeDriver\nCapabilities {acceptInsecureCerts: false, acceptSslCerts: false, applicationCacheEnabled: false, browserConnectionEnabled: false, browserName: chrome, chrome: {chromedriverVersion: 2.35.528161 (5b82f2d2aae0ca..., userDataDir: C:\\Users\\OLIVIA~1.CHO\\AppDa...}, cssSelectorsEnabled: true, databaseEnabled: false, handlesAlerts: true, hasTouchScreen: false, javascriptEnabled: true, locationContextEnabled: true, mobileEmulationEnabled: false, nativeEvents: true, networkConnectionEnabled: false, pageLoadStrategy: normal, platform: XP, platformName: XP, rotatable: false, setWindowRect: true, takesHeapSnapshot: true, takesScreenshot: true, unexpectedAlertBehaviour: , unhandledPromptBehavior: , version: 67.0.3396.99, webStorageEnabled: true}\nSession ID: c0b8f3e93e7b9e516ba24e2e0ba09e95\n*** Element info: {Using\u003dxpath, value\u003d//input[@type \u003d \u0027text\u0027 and @id \u003d \u0027txt_template_name\u0027 and @name \u003d \u0027txt_template_name\u0027 and @placeholder \u003d \u0027Name of the Template\u0027]})","description":"","startTime":1534236625595,"endTime":1534236698137,"childRecords":[{"isOptional":false,"type":"TEST_CASE","name":"Test Cases/Boldkey Activity Module/Add Activity Page/Add new activity - Select consent","id":"Test Cases/Boldkey Activity Module/Add Activity Page/Add new activity - Select consent","source":"C:\\\\Users\\\\olivia.chong\\\\Katalon Studio\\\\BoldKey\\\\Test Cases\\\\Boldkey Activity Module\\\\Add Activity Page\\\\Add new activity - Select consent.tc","message":"Test Cases/Boldkey Activity Module/Add Activity Page/Add new activity - Select consent","description":"","startTime":1534236626183,"endTime":1534236663815,"childRecords":[{"testStatus":{"stackTrace":"","statusValue":"INFO"},"type":"MESSAGE","name":"","message":"Evaluating variables for test case","startTime":1534236626239,"endTime":0,"childRecords":[],"interuppted":false},{"testStatus":{"stackTrace":"","statusValue":"INFO"},"type":"MESSAGE","name":"","message":"Variable \u0027inputActivityName\u0027 is set to Olivia Activity as default","startTime":1534236626372,"endTime":0,"childRecords":[],"interuppted":false},{"testStatus":{"stackTrace":"","statusValue":"INFO"},"type":"MESSAGE","name":"","message":"Variable \u0027inputDescription\u0027 is set to Test Description as default","startTime":1534236626390,"endTime":0,"childRecords":[],"interuppted":false},{"testStatus":{"stackTrace":"","statusValue":"INFO"},"type":"MESSAGE","name":"","message":"Variable \u0027inputChannels\u0027 is set to true as default","startTime":1534236626404,"endTime":0,"childRecords":[],"interuppted":false},{"index":1,"isIgnoredIfFailed":false,"type":"TEST_STEP","name":"callTestCase","message":"Call Test Case \u0027Test Cases/Bold Key Login Page/Open Browser\u0027 successfully","description":"","startTime":1534236626865,"endTime":1534236646141,"childRecords":[{"isOptional":false,"type":"TEST_CASE","name":"Test Cases/Bold Key Login Page/Open Browser","id":"Test Cases/Bold Key Login Page/Open Browser","source":"C:\\\\Users\\\\olivia.chong\\\\Katalon Studio\\\\BoldKey\\\\Test Cases\\\\Bold Key Login Page\\\\Open Browser.tc","message":"Test Cases/Bold Key Login Page/Open Browser","description":"","startTime":1534236627000,"endTime":1534236646132,"childRecords":[{"testStatus":{"stackTrace":"","statusValue":"INFO"},"type":"MESSAGE","name":"","message":"Evaluating variables for test case","startTime":1534236627013,"endTime":0,"childRecords":[],"interuppted":false},{"index":1,"isIgnoredIfFailed":false,"type":"TEST_STEP","name":"openBrowser","message":"Browser is opened with url: \u0027\u0027","description":"","startTime":1534236627301,"endTime":1534236631180,"childRecords":[{"testStatus":{"stackTrace":"","statusValue":"PASSED"},"type":"MESSAGE","name":"","message":"Browser is opened with url: \u0027\u0027","startTime":1534236631179,"endTime":0,"childRecords":[],"interuppted":false}],"interuppted":false},{"index":2,"isIgnoredIfFailed":false,"type":"TEST_STEP","name":"navigateToUrl","message":"Navigate to \u0027http://sit.boldkey.cc/Web/login\u0027 successfully","description":"","startTime":1534236631182,"endTime":1534236646102,"childRecords":[{"testStatus":{"stackTrace":"","statusValue":"PASSED"},"type":"MESSAGE","name":"","message":"Navigate to \u0027http://sit.boldkey.cc/Web/login\u0027 successfully","startTime":1534236646100,"endTime":0,"childRecords":[],"interuppted":false}],"interuppted":false},{"index":3,"isIgnoredIfFailed":false,"type":"TEST_STEP","name":"Statement - openBrowser \u003d true","description":"","startTime":1534236646103,"endTime":1534236646130,"childRecords":[],"interuppted":false},{"testStatus":{"stackTrace":"","statusValue":"PASSED"},"type":"MESSAGE","name":"","message":"Test Cases/Bold Key Login Page/Open Browser","startTime":1534236646131,"endTime":0,"childRecords":[],"interuppted":false}],"interuppted":false},{"testStatus":{"stackTrace":"","statusValue":"PASSED"},"type":"MESSAGE","name":"","message":"Call Test Case \u0027Test Cases/Bold Key Login Page/Open Browser\u0027 successfully","startTime":1534236646140,"endTime":0,"childRecords":[],"interuppted":false}],"interuppted":false},{"index":2,"isIgnoredIfFailed":false,"type":"TEST_STEP","name":"callTestCase","message":"Call Test Case \u0027Test Cases/Bold Key Login Page/Login Action/Action Test Case\u0027 successfully","description":"","startTime":1534236646143,"endTime":1534236649534,"childRecords":[{"isOptional":false,"type":"TEST_CASE","name":"Test Cases/Bold Key Login Page/Login Action/Action Test Case","id":"Test Cases/Bold Key Login Page/Login Action/Action Test Case","source":"C:\\\\Users\\\\olivia.chong\\\\Katalon Studio\\\\BoldKey\\\\Test Cases\\\\Bold Key Login Page\\\\Login Action\\\\Action Test Case.tc","message":"Test Cases/Bold Key Login Page/Login Action/Action Test Case","description":"","startTime":1534236646236,"endTime":1534236649532,"childRecords":[{"testStatus":{"stackTrace":"","statusValue":"INFO"},"type":"MESSAGE","name":"","message":"Evaluating variables for test case","startTime":1534236646271,"endTime":0,"childRecords":[],"interuppted":false},{"testStatus":{"stackTrace":"","statusValue":"INFO"},"type":"MESSAGE","name":"","message":"Variable \u0027username\u0027 is set to cwpreflat","startTime":1534236646277,"endTime":0,"childRecords":[],"interuppted":false},{"testStatus":{"stackTrace":"","statusValue":"INFO"},"type":"MESSAGE","name":"","message":"Variable \u0027password\u0027 is set to P@55word","startTime":1534236646286,"endTime":0,"childRecords":[],"interuppted":false},{"index":1,"isIgnoredIfFailed":false,"type":"TEST_STEP","name":"setText","message":"Text \u0027cwpreflat\u0027 is set on object \u0027Object Repository/BoldKey Login/Page_BOLD.Key - Login - BUTTON/input_txtusername\u0027","description":"","startTime":1534236646556,"endTime":1534236647064,"childRecords":[{"testStatus":{"stackTrace":"","statusValue":"PASSED"},"type":"MESSAGE","name":"","message":"Text \u0027cwpreflat\u0027 is set on object \u0027Object Repository/BoldKey Login/Page_BOLD.Key - Login - BUTTON/input_txtusername\u0027","startTime":1534236647063,"endTime":0,"childRecords":[],"interuppted":false}],"interuppted":false},{"index":2,"isIgnoredIfFailed":false,"type":"TEST_STEP","name":"setText","message":"Text \u0027P@55word\u0027 is set on object \u0027Object Repository/BoldKey Login/Page_BOLD.Key - Login - BUTTON/input_txtpassword\u0027","description":"","startTime":1534236647065,"endTime":1534236647340,"childRecords":[{"testStatus":{"stackTrace":"","statusValue":"PASSED"},"type":"MESSAGE","name":"","message":"Text \u0027P@55word\u0027 is set on object \u0027Object Repository/BoldKey Login/Page_BOLD.Key - Login - BUTTON/input_txtpassword\u0027","startTime":1534236647339,"endTime":0,"childRecords":[],"interuppted":false}],"interuppted":false},{"index":3,"isIgnoredIfFailed":false,"type":"TEST_STEP","name":"click","message":"Object: \u0027Object Repository/BoldKey Login/Page_BOLD.Key - Login - BUTTON/button_LOGIN\u0027 is clicked on","description":"","startTime":1534236647340,"endTime":1534236647521,"childRecords":[{"testStatus":{"stackTrace":"","statusValue":"PASSED"},"type":"MESSAGE","name":"","message":"Object: \u0027Object Repository/BoldKey Login/Page_BOLD.Key - Login - BUTTON/button_LOGIN\u0027 is clicked on","startTime":1534236647520,"endTime":0,"childRecords":[],"interuppted":false}],"interuppted":false},{"index":4,"isIgnoredIfFailed":false,"type":"TEST_STEP","name":"delay","message":"Delayed 2 second(s)","description":"","startTime":1534236647522,"endTime":1534236649531,"childRecords":[{"testStatus":{"stackTrace":"","statusValue":"PASSED"},"type":"MESSAGE","name":"","message":"Delayed 2 second(s)","startTime":1534236649531,"endTime":0,"childRecords":[],"interuppted":false}],"interuppted":false},{"testStatus":{"stackTrace":"","statusValue":"PASSED"},"type":"MESSAGE","name":"","message":"Test Cases/Bold Key Login Page/Login Action/Action Test Case","startTime":1534236649532,"endTime":0,"childRecords":[],"interuppted":false}],"interuppted":false},{"testStatus":{"stackTrace":"","statusValue":"PASSED"},"type":"MESSAGE","name":"","message":"Call Test Case \u0027Test Cases/Bold Key Login Page/Login Action/Action Test Case\u0027 successfully","startTime":1534236649533,"endTime":0,"childRecords":[],"interuppted":false}],"interuppted":false},{"index":3,"isIgnoredIfFailed":false,"type":"TEST_STEP","name":"click","message":"Object: \u0027Object Repository/Boldkey Activity Listing/Add Activity/a_Activity (4)\u0027 is clicked on","description":"","startTime":1534236649534,"endTime":1534236658588,"childRecords":[{"testStatus":{"stackTrace":"","statusValue":"PASSED"},"type":"MESSAGE","name":"","message":"Object: \u0027Object Repository/Boldkey Activity Listing/Add Activity/a_Activity (4)\u0027 is clicked on","startTime":1534236658587,"endTime":0,"childRecords":[],"interuppted":false}],"interuppted":false},{"index":4,"isIgnoredIfFailed":false,"type":"TEST_STEP","name":"click","message":"Object: \u0027Object Repository/Boldkey Activity Listing/Add Activity/button_Activity (4)\u0027 is clicked on","description":"","startTime":1534236658588,"endTime":1534236659205,"childRecords":[{"testStatus":{"stackTrace":"","statusValue":"PASSED"},"type":"MESSAGE","name":"","message":"Object: \u0027Object Repository/Boldkey Activity Listing/Add Activity/button_Activity (4)\u0027 is clicked on","startTime":1534236659204,"endTime":0,"childRecords":[],"interuppted":false}],"interuppted":false},{"index":5,"isIgnoredIfFailed":false,"type":"TEST_STEP","name":"setText","message":"Text \u0027Olivia Activity\u0027 is set on object \u0027Object Repository/Boldkey Activity Listing/Add Activity/input_txt_ActivityName (1)\u0027","description":"","startTime":1534236659206,"endTime":1534236659680,"childRecords":[{"testStatus":{"stackTrace":"","statusValue":"PASSED"},"type":"MESSAGE","name":"","message":"Text \u0027Olivia Activity\u0027 is set on object \u0027Object Repository/Boldkey Activity Listing/Add Activity/input_txt_ActivityName (1)\u0027","startTime":1534236659679,"endTime":0,"childRecords":[],"interuppted":false}],"interuppted":false},{"index":6,"isIgnoredIfFailed":false,"type":"TEST_STEP","name":"setText","message":"Text \u0027Test Description\u0027 is set on object \u0027Object Repository/Boldkey Activity Listing/Add Activity/input_txt_ActivityDescription (1)\u0027","description":"","startTime":1534236659681,"endTime":1534236660056,"childRecords":[{"testStatus":{"stackTrace":"","statusValue":"PASSED"},"type":"MESSAGE","name":"","message":"Text \u0027Test Description\u0027 is set on object \u0027Object Repository/Boldkey Activity Listing/Add Activity/input_txt_ActivityDescription (1)\u0027","startTime":1534236660055,"endTime":0,"childRecords":[],"interuppted":false}],"interuppted":false},{"index":7,"isIgnoredIfFailed":false,"type":"TEST_STEP","name":"delay","message":"Delayed 2 second(s)","description":"","startTime":1534236660056,"endTime":1534236662058,"childRecords":[{"testStatus":{"stackTrace":"","statusValue":"PASSED"},"type":"MESSAGE","name":"","message":"Delayed 2 second(s)","startTime":1534236662058,"endTime":0,"childRecords":[],"interuppted":false}],"interuppted":false},{"index":8,"isIgnoredIfFailed":false,"type":"TEST_STEP","name":"Statement - If (inputChannels.toLowerCase() \u003d\u003d \"false\")","description":"","startTime":1534236662059,"endTime":1534236662061,"childRecords":[],"interuppted":false},{"index":9,"isIgnoredIfFailed":false,"type":"TEST_STEP","name":"Statement - Else If (inputChannels.toLowerCase() \u003d\u003d \"true\")","message":"Object: \u0027Object Repository/checkbox_consent\u0027 is clicked on","description":"","startTime":1534236662061,"endTime":1534236662258,"childRecords":[{"index":1,"isIgnoredIfFailed":false,"type":"TEST_STEP","name":"Statement - If (com.kms.katalon.core.webui.keyword.WebUiBuiltInKeywords.verifyElementNotChecked(com.kms.katalon.core.testobject.ObjectRepository.findTestObject(Object Repository/checkbox_consent), 2, OPTIONAL))","message":"Object: \u0027Object Repository/checkbox_consent\u0027 is clicked on","description":"","startTime":1534236662062,"endTime":1534236662257,"childRecords":[{"testStatus":{"stackTrace":"","statusValue":"PASSED"},"type":"MESSAGE","name":"","message":"Object \u0027Object Repository/checkbox_consent\u0027 is not checked","startTime":1534236662156,"endTime":0,"childRecords":[],"interuppted":false},{"index":1,"isIgnoredIfFailed":false,"type":"TEST_STEP","name":"click","message":"Object: \u0027Object Repository/checkbox_consent\u0027 is clicked on","description":"","startTime":1534236662157,"endTime":1534236662257,"childRecords":[{"testStatus":{"stackTrace":"","statusValue":"PASSED"},"type":"MESSAGE","name":"","message":"Object: \u0027Object Repository/checkbox_consent\u0027 is clicked on","startTime":1534236662256,"endTime":0,"childRecords":[],"interuppted":false}],"interuppted":false}],"interuppted":false}],"interuppted":false},{"index":10,"isIgnoredIfFailed":false,"type":"TEST_STEP","name":"click","message":"Object: \u0027Object Repository/Boldkey Activity Listing/Add Activity/button_Next (4)\u0027 is clicked on","description":"","startTime":1534236662258,"endTime":1534236662390,"childRecords":[{"testStatus":{"stackTrace":"","statusValue":"PASSED"},"type":"MESSAGE","name":"","message":"Object: \u0027Object Repository/Boldkey Activity Listing/Add Activity/button_Next (4)\u0027 is clicked on","startTime":1534236662389,"endTime":0,"childRecords":[],"interuppted":false}],"interuppted":false},{"index":11,"isIgnoredIfFailed":false,"type":"TEST_STEP","name":"click","message":"Object: \u0027Object Repository/Boldkey Activity Listing/Add Activity/button_OK (1)\u0027 is clicked on","description":"","startTime":1534236662391,"endTime":1534236663814,"childRecords":[{"testStatus":{"stackTrace":"","statusValue":"PASSED"},"type":"MESSAGE","name":"","message":"Object: \u0027Object Repository/Boldkey Activity Listing/Add Activity/button_OK (1)\u0027 is clicked on","startTime":1534236663813,"endTime":0,"childRecords":[],"interuppted":false}],"interuppted":false},{"testStatus":{"stackTrace":"","statusValue":"PASSED"},"type":"MESSAGE","name":"","message":"Test Cases/Boldkey Activity Module/Add Activity Page/Add new activity - Select consent","startTime":1534236663815,"endTime":0,"childRecords":[],"interuppted":false}],"interuppted":false},{"isOptional":false,"type":"TEST_CASE","name":"Test Cases/Boldkey Activity Module/Add Template Page/Add new template - All Steps","id":"Test Cases/Boldkey Activity Module/Add Template Page/Add new template - All Steps","source":"C:\\\\Users\\\\olivia.chong\\\\Katalon Studio\\\\BoldKey\\\\Test Cases\\\\Boldkey Activity Module\\\\Add Template Page\\\\Add new template - All Steps.tc","message":"Test Cases/Boldkey Activity Module/Add Template Page/Add new template - All Steps FAILED because (of) Unable to set text \u0027TestMul1\u0027 of object \u0027Object Repository/Boldkey Activity Listing/Add Template/input_txt_template_name (2)\u0027 (Root cause: org.openqa.selenium.WebDriverException: chrome not reachable\n  (Session info: chrome\u003d67.0.3396.99)\n  (Driver info: chromedriver\u003d2.35.528161 (5b82f2d2aae0ca24b877009200ced9065a772e73),platform\u003dWindows NT 10.0.15063 x86_64) (WARNING: The server did not provide any stacktrace information)\nCommand duration or timeout: 0 milliseconds\nBuild info: version: \u00273.7.1\u0027, revision: \u00278a0099a\u0027, time: \u00272017-11-06T21:07:36.161Z\u0027\nSystem info: host: \u0027OLIVIA0517\u0027, ip: \u0027192.168.2.72\u0027, os.name: \u0027Windows 10\u0027, os.arch: \u0027amd64\u0027, os.version: \u002710.0\u0027, java.version: \u00271.8.0_102\u0027\nDriver info: com.kms.katalon.selenium.driver.CChromeDriver\nCapabilities {acceptInsecureCerts: false, acceptSslCerts: false, applicationCacheEnabled: false, browserConnectionEnabled: false, browserName: chrome, chrome: {chromedriverVersion: 2.35.528161 (5b82f2d2aae0ca..., userDataDir: C:\\Users\\OLIVIA~1.CHO\\AppDa...}, cssSelectorsEnabled: true, databaseEnabled: false, handlesAlerts: true, hasTouchScreen: false, javascriptEnabled: true, locationContextEnabled: true, mobileEmulationEnabled: false, nativeEvents: true, networkConnectionEnabled: false, pageLoadStrategy: normal, platform: XP, platformName: XP, rotatable: false, setWindowRect: true, takesHeapSnapshot: true, takesScreenshot: true, unexpectedAlertBehaviour: , unhandledPromptBehavior: , version: 67.0.3396.99, webStorageEnabled: true}\nSession ID: c0b8f3e93e7b9e516ba24e2e0ba09e95\n*** Element info: {Using\u003dxpath, value\u003d//input[@type \u003d \u0027text\u0027 and @id \u003d \u0027txt_template_name\u0027 and @name \u003d \u0027txt_template_name\u0027 and @placeholder \u003d \u0027Name of the Template\u0027]})","description":"","startTime":1534236663823,"endTime":1534236688960,"childRecords":[{"testStatus":{"stackTrace":"","statusValue":"INFO"},"type":"MESSAGE","name":"","message":"Evaluating variables for test case","startTime":1534236663842,"endTime":0,"childRecords":[],"interuppted":false},{"index":1,"isIgnoredIfFailed":false,"type":"TEST_STEP","name":"openBrowser","message":"Browser is opened with url: \u0027\u0027","description":"","startTime":1534236664187,"endTime":1534236667513,"childRecords":[{"testStatus":{"stackTrace":"","statusValue":"WARNING"},"type":"MESSAGE","name":"","message":"A browser is already opened. Closing browser and opening a new one","startTime":1534236664189,"endTime":0,"childRecords":[],"interuppted":false},{"testStatus":{"stackTrace":"","statusValue":"PASSED"},"type":"MESSAGE","name":"","message":"Browser is opened with url: \u0027\u0027","startTime":1534236667513,"endTime":0,"childRecords":[],"interuppted":false}],"interuppted":false},{"index":2,"isIgnoredIfFailed":false,"type":"TEST_STEP","name":"setText","message":"Unable to set text \u0027TestMul1\u0027 of object \u0027Object Repository/Boldkey Activity Listing/Add Template/input_txt_template_name (2)\u0027 (Root cause: org.openqa.selenium.WebDriverException: chrome not reachable\n  (Session info: chrome\u003d67.0.3396.99)\n  (Driver info: chromedriver\u003d2.35.528161 (5b82f2d2aae0ca24b877009200ced9065a772e73),platform\u003dWindows NT 10.0.15063 x86_64) (WARNING: The server did not provide any stacktrace information)\nCommand duration or timeout: 0 milliseconds\nBuild info: version: \u00273.7.1\u0027, revision: \u00278a0099a\u0027, time: \u00272017-11-06T21:07:36.161Z\u0027\nSystem info: host: \u0027OLIVIA0517\u0027, ip: \u0027192.168.2.72\u0027, os.name: \u0027Windows 10\u0027, os.arch: \u0027amd64\u0027, os.version: \u002710.0\u0027, java.version: \u00271.8.0_102\u0027\nDriver info: com.kms.katalon.selenium.driver.CChromeDriver\nCapabilities {acceptInsecureCerts: false, acceptSslCerts: false, applicationCacheEnabled: false, browserConnectionEnabled: false, browserName: chrome, chrome: {chromedriverVersion: 2.35.528161 (5b82f2d2aae0ca..., userDataDir: C:\\Users\\OLIVIA~1.CHO\\AppDa...}, cssSelectorsEnabled: true, databaseEnabled: false, handlesAlerts: true, hasTouchScreen: false, javascriptEnabled: true, locationContextEnabled: true, mobileEmulationEnabled: false, nativeEvents: true, networkConnectionEnabled: false, pageLoadStrategy: normal, platform: XP, platformName: XP, rotatable: false, setWindowRect: true, takesHeapSnapshot: true, takesScreenshot: true, unexpectedAlertBehaviour: , unhandledPromptBehavior: , version: 67.0.3396.99, webStorageEnabled: true}\nSession ID: c0b8f3e93e7b9e516ba24e2e0ba09e95\n*** Element info: {Using\u003dxpath, value\u003d//input[@type \u003d \u0027text\u0027 and @id \u003d \u0027txt_template_name\u0027 and @name \u003d \u0027txt_template_name\u0027 and @placeholder \u003d \u0027Name of the Template\u0027]})","description":"","startTime":1534236667514,"endTime":1534236688958,"childRecords":[{"testStatus":{"stackTrace":"","statusValue":"WARNING"},"type":"MESSAGE","name":"","message":"Cannot take screenshot","startTime":1534236688956,"endTime":0,"childRecords":[],"interuppted":false},{"testStatus":{"stackTrace":"","statusValue":"FAILED"},"type":"MESSAGE","name":"","message":"Unable to set text \u0027TestMul1\u0027 of object \u0027Object Repository/Boldkey Activity Listing/Add Template/input_txt_template_name (2)\u0027 (Root cause: org.openqa.selenium.WebDriverException: chrome not reachable\n  (Session info: chrome\u003d67.0.3396.99)\n  (Driver info: chromedriver\u003d2.35.528161 (5b82f2d2aae0ca24b877009200ced9065a772e73),platform\u003dWindows NT 10.0.15063 x86_64) (WARNING: The server did not provide any stacktrace information)\nCommand duration or timeout: 0 milliseconds\nBuild info: version: \u00273.7.1\u0027, revision: \u00278a0099a\u0027, time: \u00272017-11-06T21:07:36.161Z\u0027\nSystem info: host: \u0027OLIVIA0517\u0027, ip: \u0027192.168.2.72\u0027, os.name: \u0027Windows 10\u0027, os.arch: \u0027amd64\u0027, os.version: \u002710.0\u0027, java.version: \u00271.8.0_102\u0027\nDriver info: com.kms.katalon.selenium.driver.CChromeDriver\nCapabilities {acceptInsecureCerts: false, acceptSslCerts: false, applicationCacheEnabled: false, browserConnectionEnabled: false, browserName: chrome, chrome: {chromedriverVersion: 2.35.528161 (5b82f2d2aae0ca..., userDataDir: C:\\Users\\OLIVIA~1.CHO\\AppDa...}, cssSelectorsEnabled: true, databaseEnabled: false, handlesAlerts: true, hasTouchScreen: false, javascriptEnabled: true, locationContextEnabled: true, mobileEmulationEnabled: false, nativeEvents: true, networkConnectionEnabled: false, pageLoadStrategy: normal, platform: XP, platformName: XP, rotatable: false, setWindowRect: true, takesHeapSnapshot: true, takesScreenshot: true, unexpectedAlertBehaviour: , unhandledPromptBehavior: , version: 67.0.3396.99, webStorageEnabled: true}\nSession ID: c0b8f3e93e7b9e516ba24e2e0ba09e95\n*** Element info: {Using\u003dxpath, value\u003d//input[@type \u003d \u0027text\u0027 and @id \u003d \u0027txt_template_name\u0027 and @name \u003d \u0027txt_template_name\u0027 and @placeholder \u003d \u0027Name of the Template\u0027]})","startTime":1534236688957,"endTime":0,"childRecords":[],"interuppted":false}],"interuppted":false},{"testStatus":{"stackTrace":"","statusValue":"FAILED"},"type":"MESSAGE","name":"","message":"Test Cases/Boldkey Activity Module/Add Template Page/Add new template - All Steps FAILED because (of) Unable to set text \u0027TestMul1\u0027 of object \u0027Object Repository/Boldkey Activity Listing/Add Template/input_txt_template_name (2)\u0027 (Root cause: org.openqa.selenium.WebDriverException: chrome not reachable\n  (Session info: chrome\u003d67.0.3396.99)\n  (Driver info: chromedriver\u003d2.35.528161 (5b82f2d2aae0ca24b877009200ced9065a772e73),platform\u003dWindows NT 10.0.15063 x86_64) (WARNING: The server did not provide any stacktrace information)\nCommand duration or timeout: 0 milliseconds\nBuild info: version: \u00273.7.1\u0027, revision: \u00278a0099a\u0027, time: \u00272017-11-06T21:07:36.161Z\u0027\nSystem info: host: \u0027OLIVIA0517\u0027, ip: \u0027192.168.2.72\u0027, os.name: \u0027Windows 10\u0027, os.arch: \u0027amd64\u0027, os.version: \u002710.0\u0027, java.version: \u00271.8.0_102\u0027\nDriver info: com.kms.katalon.selenium.driver.CChromeDriver\nCapabilities {acceptInsecureCerts: false, acceptSslCerts: false, applicationCacheEnabled: false, browserConnectionEnabled: false, browserName: chrome, chrome: {chromedriverVersion: 2.35.528161 (5b82f2d2aae0ca..., userDataDir: C:\\Users\\OLIVIA~1.CHO\\AppDa...}, cssSelectorsEnabled: true, databaseEnabled: false, handlesAlerts: true, hasTouchScreen: false, javascriptEnabled: true, locationContextEnabled: true, mobileEmulationEnabled: false, nativeEvents: true, networkConnectionEnabled: false, pageLoadStrategy: normal, platform: XP, platformName: XP, rotatable: false, setWindowRect: true, takesHeapSnapshot: true, takesScreenshot: true, unexpectedAlertBehaviour: , unhandledPromptBehavior: , version: 67.0.3396.99, webStorageEnabled: true}\nSession ID: c0b8f3e93e7b9e516ba24e2e0ba09e95\n*** Element info: {Using\u003dxpath, value\u003d//input[@type \u003d \u0027text\u0027 and @id \u003d \u0027txt_template_name\u0027 and @name \u003d \u0027txt_template_name\u0027 and @placeholder \u003d \u0027Name of the Template\u0027]})","startTime":1534236688958,"endTime":0,"childRecords":[],"interuppted":false}],"interuppted":false},{"isOptional":false,"type":"TEST_CASE","name":"Test Cases/Boldkey Activity Module/Add Template Page/Add new template - Multiple","id":"Test Cases/Boldkey Activity Module/Add Template Page/Add new template - Multiple","source":"C:\\\\Users\\\\olivia.chong\\\\Katalon Studio\\\\BoldKey\\\\Test Cases\\\\Boldkey Activity Module\\\\Add Template Page\\\\Add new template - Multiple.tc","message":"Test Cases/Boldkey Activity Module/Add Template Page/Add new template - Multiple FAILED because (of) Unable to click on object \u0027Object Repository/Boldkey Activity Listing/Add Template/i_fa fa-plus-circle (2)\u0027 (Root cause: org.openqa.selenium.WebDriverException: chrome not reachable\n  (Session info: chrome\u003d67.0.3396.99)\n  (Driver info: chromedriver\u003d2.35.528161 (5b82f2d2aae0ca24b877009200ced9065a772e73),platform\u003dWindows NT 10.0.15063 x86_64) (WARNING: The server did not provide any stacktrace information)\nCommand duration or timeout: 0 milliseconds\nBuild info: version: \u00273.7.1\u0027, revision: \u00278a0099a\u0027, time: \u00272017-11-06T21:07:36.161Z\u0027\nSystem info: host: \u0027OLIVIA0517\u0027, ip: \u0027192.168.2.72\u0027, os.name: \u0027Windows 10\u0027, os.arch: \u0027amd64\u0027, os.version: \u002710.0\u0027, java.version: \u00271.8.0_102\u0027\nDriver info: com.kms.katalon.selenium.driver.CChromeDriver\nCapabilities {acceptInsecureCerts: false, acceptSslCerts: false, applicationCacheEnabled: false, browserConnectionEnabled: false, browserName: chrome, chrome: {chromedriverVersion: 2.35.528161 (5b82f2d2aae0ca..., userDataDir: C:\\Users\\OLIVIA~1.CHO\\AppDa...}, cssSelectorsEnabled: true, databaseEnabled: false, handlesAlerts: true, hasTouchScreen: false, javascriptEnabled: true, locationContextEnabled: true, mobileEmulationEnabled: false, nativeEvents: true, networkConnectionEnabled: false, pageLoadStrategy: normal, platform: XP, platformName: XP, rotatable: false, setWindowRect: true, takesHeapSnapshot: true, takesScreenshot: true, unexpectedAlertBehaviour: , unhandledPromptBehavior: , version: 67.0.3396.99, webStorageEnabled: true}\nSession ID: c0b8f3e93e7b9e516ba24e2e0ba09e95\n*** Element info: {Using\u003dxpath, value\u003did(\"LayoutController\")/div[@id\u003d\"wrapper\"]/div[@class\u003d\"content-page\"]/div[@class\u003d\"content\"]/div[1]/div[@id\u003d\"wrapper\"]/div[@class\u003d\"page-heading\"]/div[@class\u003d\"col-md-3 col-sm-3 col-xs-12 pull-right\"]/ul[@class\u003d\"nav navbar-nav navbar-right top-navbar hoverdisable\"]/li[@class\u003d\"dropdown topbar-profile\"]/a[@class\u003d\"btn-primary dropdown-toggle\"]/i[@class\u003d\"fa fa-plus-circle\"]})","description":"","startTime":1534236688966,"endTime":1534236697366,"childRecords":[{"testStatus":{"stackTrace":"","statusValue":"INFO"},"type":"MESSAGE","name":"","message":"Evaluating variables for test case","startTime":1534236688978,"endTime":0,"childRecords":[],"interuppted":false},{"testStatus":{"stackTrace":"","statusValue":"INFO"},"type":"MESSAGE","name":"","message":"Variable \u0027inputActivityName\u0027 is set to Olivia Test Temp as default","startTime":1534236689004,"endTime":0,"childRecords":[],"interuppted":false},{"testStatus":{"stackTrace":"","statusValue":"INFO"},"type":"MESSAGE","name":"","message":"Variable \u0027inputDescription\u0027 is set to Testing for create 1 template as default","startTime":1534236689013,"endTime":0,"childRecords":[],"interuppted":false},{"testStatus":{"stackTrace":"","statusValue":"INFO"},"type":"MESSAGE","name":"","message":"Variable \u0027inputChannels\u0027 is set to true as default","startTime":1534236689026,"endTime":0,"childRecords":[],"interuppted":false},{"testStatus":{"stackTrace":"","statusValue":"INFO"},"type":"MESSAGE","name":"","message":"Variable \u0027inputTemplateName\u0027 is set to Trusted Template  as default","startTime":1534236689035,"endTime":0,"childRecords":[],"interuppted":false},{"testStatus":{"stackTrace":"","statusValue":"INFO"},"type":"MESSAGE","name":"","message":"Variable \u0027inputValidityPeriod\u0027 is set to 120 as default","startTime":1534236689077,"endTime":0,"childRecords":[],"interuppted":false},{"testStatus":{"stackTrace":"","statusValue":"INFO"},"type":"MESSAGE","name":"","message":"Variable \u0027inputMessageTitle\u0027 is set to Testing for create new template as default","startTime":1534236689093,"endTime":0,"childRecords":[],"interuppted":false},{"index":1,"isIgnoredIfFailed":false,"type":"TEST_STEP","name":"click","message":"Unable to click on object \u0027Object Repository/Boldkey Activity Listing/Add Template/i_fa fa-plus-circle (2)\u0027 (Root cause: org.openqa.selenium.WebDriverException: chrome not reachable\n  (Session info: chrome\u003d67.0.3396.99)\n  (Driver info: chromedriver\u003d2.35.528161 (5b82f2d2aae0ca24b877009200ced9065a772e73),platform\u003dWindows NT 10.0.15063 x86_64) (WARNING: The server did not provide any stacktrace information)\nCommand duration or timeout: 0 milliseconds\nBuild info: version: \u00273.7.1\u0027, revision: \u00278a0099a\u0027, time: \u00272017-11-06T21:07:36.161Z\u0027\nSystem info: host: \u0027OLIVIA0517\u0027, ip: \u0027192.168.2.72\u0027, os.name: \u0027Windows 10\u0027, os.arch: \u0027amd64\u0027, os.version: \u002710.0\u0027, java.version: \u00271.8.0_102\u0027\nDriver info: com.kms.katalon.selenium.driver.CChromeDriver\nCapabilities {acceptInsecureCerts: false, acceptSslCerts: false, applicationCacheEnabled: false, browserConnectionEnabled: false, browserName: chrome, chrome: {chromedriverVersion: 2.35.528161 (5b82f2d2aae0ca..., userDataDir: C:\\Users\\OLIVIA~1.CHO\\AppDa...}, cssSelectorsEnabled: true, databaseEnabled: false, handlesAlerts: true, hasTouchScreen: false, javascriptEnabled: true, locationContextEnabled: true, mobileEmulationEnabled: false, nativeEvents: true, networkConnectionEnabled: false, pageLoadStrategy: normal, platform: XP, platformName: XP, rotatable: false, setWindowRect: true, takesHeapSnapshot: true, takesScreenshot: true, unexpectedAlertBehaviour: , unhandledPromptBehavior: , version: 67.0.3396.99, webStorageEnabled: true}\nSession ID: c0b8f3e93e7b9e516ba24e2e0ba09e95\n*** Element info: {Using\u003dxpath, value\u003did(\"LayoutController\")/div[@id\u003d\"wrapper\"]/div[@class\u003d\"content-page\"]/div[@class\u003d\"content\"]/div[1]/div[@id\u003d\"wrapper\"]/div[@class\u003d\"page-heading\"]/div[@class\u003d\"col-md-3 col-sm-3 col-xs-12 pull-right\"]/ul[@class\u003d\"nav navbar-nav navbar-right top-navbar hoverdisable\"]/li[@class\u003d\"dropdown topbar-profile\"]/a[@class\u003d\"btn-primary dropdown-toggle\"]/i[@class\u003d\"fa fa-plus-circle\"]})","description":"","startTime":1534236689303,"endTime":1534236697363,"childRecords":[{"testStatus":{"stackTrace":"","statusValue":"WARNING"},"type":"MESSAGE","name":"","message":"Cannot take screenshot","startTime":1534236697361,"endTime":0,"childRecords":[],"interuppted":false},{"testStatus":{"stackTrace":"","statusValue":"FAILED"},"type":"MESSAGE","name":"","message":"Unable to click on object \u0027Object Repository/Boldkey Activity Listing/Add Template/i_fa fa-plus-circle (2)\u0027 (Root cause: org.openqa.selenium.WebDriverException: chrome not reachable\n  (Session info: chrome\u003d67.0.3396.99)\n  (Driver info: chromedriver\u003d2.35.528161 (5b82f2d2aae0ca24b877009200ced9065a772e73),platform\u003dWindows NT 10.0.15063 x86_64) (WARNING: The server did not provide any stacktrace information)\nCommand duration or timeout: 0 milliseconds\nBuild info: version: \u00273.7.1\u0027, revision: \u00278a0099a\u0027, time: \u00272017-11-06T21:07:36.161Z\u0027\nSystem info: host: \u0027OLIVIA0517\u0027, ip: \u0027192.168.2.72\u0027, os.name: \u0027Windows 10\u0027, os.arch: \u0027amd64\u0027, os.version: \u002710.0\u0027, java.version: \u00271.8.0_102\u0027\nDriver info: com.kms.katalon.selenium.driver.CChromeDriver\nCapabilities {acceptInsecureCerts: false, acceptSslCerts: false, applicationCacheEnabled: false, browserConnectionEnabled: false, browserName: chrome, chrome: {chromedriverVersion: 2.35.528161 (5b82f2d2aae0ca..., userDataDir: C:\\Users\\OLIVIA~1.CHO\\AppDa...}, cssSelectorsEnabled: true, databaseEnabled: false, handlesAlerts: true, hasTouchScreen: false, javascriptEnabled: true, locationContextEnabled: true, mobileEmulationEnabled: false, nativeEvents: true, networkConnectionEnabled: false, pageLoadStrategy: normal, platform: XP, platformName: XP, rotatable: false, setWindowRect: true, takesHeapSnapshot: true, takesScreenshot: true, unexpectedAlertBehaviour: , unhandledPromptBehavior: , version: 67.0.3396.99, webStorageEnabled: true}\nSession ID: c0b8f3e93e7b9e516ba24e2e0ba09e95\n*** Element info: {Using\u003dxpath, value\u003did(\"LayoutController\")/div[@id\u003d\"wrapper\"]/div[@class\u003d\"content-page\"]/div[@class\u003d\"content\"]/div[1]/div[@id\u003d\"wrapper\"]/div[@class\u003d\"page-heading\"]/div[@class\u003d\"col-md-3 col-sm-3 col-xs-12 pull-right\"]/ul[@class\u003d\"nav navbar-nav navbar-right top-navbar hoverdisable\"]/li[@class\u003d\"dropdown topbar-profile\"]/a[@class\u003d\"btn-primary dropdown-toggle\"]/i[@class\u003d\"fa fa-plus-circle\"]})","startTime":1534236697362,"endTime":0,"childRecords":[],"interuppted":false}],"interuppted":false},{"testStatus":{"stackTrace":"","statusValue":"FAILED"},"type":"MESSAGE","name":"","message":"Test Cases/Boldkey Activity Module/Add Template Page/Add new template - Multiple FAILED because (of) Unable to click on object \u0027Object Repository/Boldkey Activity Listing/Add Template/i_fa fa-plus-circle (2)\u0027 (Root cause: org.openqa.selenium.WebDriverException: chrome not reachable\n  (Session info: chrome\u003d67.0.3396.99)\n  (Driver info: chromedriver\u003d2.35.528161 (5b82f2d2aae0ca24b877009200ced9065a772e73),platform\u003dWindows NT 10.0.15063 x86_64) (WARNING: The server did not provide any stacktrace information)\nCommand duration or timeout: 0 milliseconds\nBuild info: version: \u00273.7.1\u0027, revision: \u00278a0099a\u0027, time: \u00272017-11-06T21:07:36.161Z\u0027\nSystem info: host: \u0027OLIVIA0517\u0027, ip: \u0027192.168.2.72\u0027, os.name: \u0027Windows 10\u0027, os.arch: \u0027amd64\u0027, os.version: \u002710.0\u0027, java.version: \u00271.8.0_102\u0027\nDriver info: com.kms.katalon.selenium.driver.CChromeDriver\nCapabilities {acceptInsecureCerts: false, acceptSslCerts: false, applicationCacheEnabled: false, browserConnectionEnabled: false, browserName: chrome, chrome: {chromedriverVersion: 2.35.528161 (5b82f2d2aae0ca..., userDataDir: C:\\Users\\OLIVIA~1.CHO\\AppDa...}, cssSelectorsEnabled: true, databaseEnabled: false, handlesAlerts: true, hasTouchScreen: false, javascriptEnabled: true, locationContextEnabled: true, mobileEmulationEnabled: false, nativeEvents: true, networkConnectionEnabled: false, pageLoadStrategy: normal, platform: XP, platformName: XP, rotatable: false, setWindowRect: true, takesHeapSnapshot: true, takesScreenshot: true, unexpectedAlertBehaviour: , unhandledPromptBehavior: , version: 67.0.3396.99, webStorageEnabled: true}\nSession ID: c0b8f3e93e7b9e516ba24e2e0ba09e95\n*** Element info: {Using\u003dxpath, value\u003did(\"LayoutController\")/div[@id\u003d\"wrapper\"]/div[@class\u003d\"content-page\"]/div[@class\u003d\"content\"]/div[1]/div[@id\u003d\"wrapper\"]/div[@class\u003d\"page-heading\"]/div[@class\u003d\"col-md-3 col-sm-3 col-xs-12 pull-right\"]/ul[@class\u003d\"nav navbar-nav navbar-right top-navbar hoverdisable\"]/li[@class\u003d\"dropdown topbar-profile\"]/a[@class\u003d\"btn-primary dropdown-toggle\"]/i[@class\u003d\"fa fa-plus-circle\"]})","startTime":1534236697363,"endTime":0,"childRecords":[],"interuppted":false}],"interuppted":false}],"interuppted":false}